[[1;34mINFO[m] Scanning for projects...
[[1;34mINFO[m] 
[[1;34mINFO[m] [1m-----------------------------< [0;36mcom:qrata[0;1m >------------------------------[m
[[1;34mINFO[m] [1mBuilding qrata 0.0.1-SNAPSHOT[m
[[1;34mINFO[m] [1m--------------------------------[ jar ]---------------------------------[m
[[1;34mINFO[m] 
[[1;34mINFO[m] [1m>>> [0;32mspring-boot-maven-plugin:2.1.6.RELEASE:run[m [1m(default-cli)[0;1m > [0;1mtest-compile[m @ [36mqrata[0;1m >>>[m
[[1;34mINFO[m] 
[[1;34mINFO[m] [1m--- [0;32mmaven-resources-plugin:3.1.0:resources[m [1m(default-resources)[m @ [36mqrata[0;1m ---[m
[[1;34mINFO[m] Using 'UTF-8' encoding to copy filtered resources.
[[1;34mINFO[m] Copying 1 resource
[[1;34mINFO[m] Copying 0 resource
[[1;34mINFO[m] 
[[1;34mINFO[m] [1m--- [0;32mmaven-compiler-plugin:3.8.1:compile[m [1m(default-compile)[m @ [36mqrata[0;1m ---[m
[[1;34mINFO[m] Nothing to compile - all classes are up to date
[[1;34mINFO[m] 
[[1;34mINFO[m] [1m--- [0;32mmaven-resources-plugin:3.1.0:testResources[m [1m(default-testResources)[m @ [36mqrata[0;1m ---[m
[[1;34mINFO[m] Using 'UTF-8' encoding to copy filtered resources.
[[1;34mINFO[m] skip non existing resourceDirectory /opt/qrata/src/test/resources
[[1;34mINFO[m] 
[[1;34mINFO[m] [1m--- [0;32mmaven-compiler-plugin:3.8.1:testCompile[m [1m(default-testCompile)[m @ [36mqrata[0;1m ---[m
[[1;34mINFO[m] Nothing to compile - all classes are up to date
[[1;34mINFO[m] 
[[1;34mINFO[m] [1m<<< [0;32mspring-boot-maven-plugin:2.1.6.RELEASE:run[m [1m(default-cli)[0;1m < [0;1mtest-compile[m @ [36mqrata[0;1m <<<[m
[[1;34mINFO[m] 
[[1;34mINFO[m] 
[[1;34mINFO[m] [1m--- [0;32mspring-boot-maven-plugin:2.1.6.RELEASE:run[m [1m(default-cli)[m @ [36mqrata[0;1m ---[m
[[1;34mINFO[m] Attaching agents: []
SLF4J: Class path contains multiple SLF4J bindings.
SLF4J: Found binding in [jar:file:/home/ubuntu/.m2/repository/ch/qos/logback/logback-classic/1.2.3/logback-classic-1.2.3.jar!/org/slf4j/impl/StaticLoggerBinder.class]
SLF4J: Found binding in [jar:file:/home/ubuntu/.m2/repository/org/slf4j/slf4j-log4j12/1.7.26/slf4j-log4j12-1.7.26.jar!/org/slf4j/impl/StaticLoggerBinder.class]
SLF4J: See http://www.slf4j.org/codes.html#multiple_bindings for an explanation.
SLF4J: Actual binding is of type [ch.qos.logback.classic.util.ContextSelectorStaticBinder]

  .   ____          _            __ _ _
 /\\ / ___'_ __ _ _(_)_ __  __ _ \ \ \ \
( ( )\___ | '_ | '_| | '_ \/ _` | \ \ \ \
 \\/  ___)| |_)| | | | | || (_| |  ) ) ) )
  '  |____| .__|_| |_|_| |_\__, | / / / /
 =========|_|==============|___/=/_/_/_/
 :: Spring Boot ::        (v2.1.6.RELEASE)

2019-08-20 16:23:02.274  INFO 15182 --- [  restartedMain] com.qrata.QrataApplication               : Starting QrataApplication on ip-172-31-44-84 with PID 15182 (/opt/qrata/target/classes started by ubuntu in /opt/qrata)
2019-08-20 16:23:02.285  INFO 15182 --- [  restartedMain] com.qrata.QrataApplication               : No active profile set, falling back to default profiles: default
2019-08-20 16:23:02.392  INFO 15182 --- [  restartedMain] .e.DevToolsPropertyDefaultsPostProcessor : Devtools property defaults active! Set 'spring.devtools.add-properties' to 'false' to disable
2019-08-20 16:23:02.393  INFO 15182 --- [  restartedMain] .e.DevToolsPropertyDefaultsPostProcessor : For additional web related logging consider setting the 'logging.level.web' property to 'DEBUG'
2019-08-20 16:23:03.484  INFO 15182 --- [  restartedMain] .s.d.r.c.RepositoryConfigurationDelegate : Bootstrapping Spring Data repositories in DEFAULT mode.
2019-08-20 16:23:03.594  INFO 15182 --- [  restartedMain] .s.d.r.c.RepositoryConfigurationDelegate : Finished Spring Data repository scanning in 102ms. Found 8 repository interfaces.
2019-08-20 16:23:04.149  INFO 15182 --- [  restartedMain] trationDelegate$BeanPostProcessorChecker : Bean 'org.springframework.transaction.annotation.ProxyTransactionManagementConfiguration' of type [org.springframework.transaction.annotation.ProxyTransactionManagementConfiguration$$EnhancerBySpringCGLIB$$205e73b4] is not eligible for getting processed by all BeanPostProcessors (for example: not eligible for auto-proxying)
2019-08-20 16:23:04.619  INFO 15182 --- [  restartedMain] o.s.b.w.embedded.tomcat.TomcatWebServer  : Tomcat initialized with port(s): 9000 (http)
2019-08-20 16:23:04.662  INFO 15182 --- [  restartedMain] o.apache.catalina.core.StandardService   : Starting service [Tomcat]
2019-08-20 16:23:04.662  INFO 15182 --- [  restartedMain] org.apache.catalina.core.StandardEngine  : Starting Servlet engine: [Apache Tomcat/9.0.21]
2019-08-20 16:23:05.153  INFO 15182 --- [  restartedMain] org.apache.jasper.servlet.TldScanner     : At least one JAR was scanned for TLDs yet contained no TLDs. Enable debug logging for this logger for a complete list of JARs that were scanned but no TLDs were found in them. Skipping unneeded JARs during scanning can improve startup time and JSP compilation time.
2019-08-20 16:23:05.161  INFO 15182 --- [  restartedMain] o.a.c.c.C.[Tomcat].[localhost].[/]       : Initializing Spring embedded WebApplicationContext
2019-08-20 16:23:05.161  INFO 15182 --- [  restartedMain] o.s.web.context.ContextLoader            : Root WebApplicationContext: initialization completed in 2768 ms
2019-08-20 16:23:05.363  INFO 15182 --- [  restartedMain] com.zaxxer.hikari.HikariDataSource       : HikariPool-1 - Starting...
2019-08-20 16:23:05.541  INFO 15182 --- [  restartedMain] com.zaxxer.hikari.HikariDataSource       : HikariPool-1 - Start completed.
2019-08-20 16:23:05.610  INFO 15182 --- [  restartedMain] o.hibernate.jpa.internal.util.LogHelper  : HHH000204: Processing PersistenceUnitInfo [
	name: default
	...]
2019-08-20 16:23:05.699  INFO 15182 --- [  restartedMain] org.hibernate.Version                    : HHH000412: Hibernate Core {5.3.10.Final}
2019-08-20 16:23:05.700  INFO 15182 --- [  restartedMain] org.hibernate.cfg.Environment            : HHH000206: hibernate.properties not found
2019-08-20 16:23:05.835  INFO 15182 --- [  restartedMain] o.hibernate.annotations.common.Version   : HCANN000001: Hibernate Commons Annotations {5.0.4.Final}
2019-08-20 16:23:05.987  INFO 15182 --- [  restartedMain] org.hibernate.dialect.Dialect            : HHH000400: Using dialect: org.hibernate.dialect.MySQL5Dialect
2019-08-20 16:23:07.244 DEBUG 15182 --- [  restartedMain] org.hibernate.SQL                        : alter table categories add constraint FKsaok720gsu4u2wrgbk10b5n8d foreign key (parent_id) references categories (id)
2019-08-20 16:23:07.254 DEBUG 15182 --- [  restartedMain] org.hibernate.SQL                        : alter table ratingcriteria add constraint FKo2lt6r0xunccncu4vv19606a2 foreign key (parent_id) references ratingcriteria (id)
2019-08-20 16:23:07.263 DEBUG 15182 --- [  restartedMain] org.hibernate.SQL                        : alter table related_topics add constraint FKdro07uteaelr0h6wk32bjtft3 foreign key (relatedtopic_id) references topics (id)
2019-08-20 16:23:07.274 DEBUG 15182 --- [  restartedMain] org.hibernate.SQL                        : alter table related_topics add constraint FK6wxnncc8l4bbsgcb02yyah3u7 foreign key (topic_id) references topics (id)
2019-08-20 16:23:07.285 DEBUG 15182 --- [  restartedMain] org.hibernate.SQL                        : alter table sitereview_comments add constraint FKl84pyctxshytvtapgmfrd1gvl foreign key (commented_by) references user (id)
2019-08-20 16:23:07.295 DEBUG 15182 --- [  restartedMain] org.hibernate.SQL                        : alter table sitereview_comments add constraint FK6qcckpxuxg6n18lykmuo9f5v9 foreign key (sitereview_id) references sitereviews (id)
2019-08-20 16:23:07.307 DEBUG 15182 --- [  restartedMain] org.hibernate.SQL                        : alter table sitereviews add constraint FKby0vo1kxg3je8xjidab4v0fs2 foreign key (site_id) references sites (id)
2019-08-20 16:23:07.317 DEBUG 15182 --- [  restartedMain] org.hibernate.SQL                        : alter table sitereviews add constraint FKneu0tvqjkrqsd4ekd2huthpxv foreign key (topic_id) references topics (id)
2019-08-20 16:23:07.328 DEBUG 15182 --- [  restartedMain] org.hibernate.SQL                        : alter table sitereviews add constraint FKqun7qpqpi0lgl9etg5bh4w8pa foreign key (user_id) references user (id)
2019-08-20 16:23:07.340 DEBUG 15182 --- [  restartedMain] org.hibernate.SQL                        : alter table sitereviews_ratingcriteria add constraint FKpg0dwboa4t13gjuciyklq9lm0 foreign key (ratingcriteria_id) references ratingcriteria (id)
2019-08-20 16:23:07.353 DEBUG 15182 --- [  restartedMain] org.hibernate.SQL                        : alter table sitereviews_ratingcriteria add constraint FK67qd80l4ixd9a0k0sw7dqlsvu foreign key (sitereview_id) references sitereviews (id)
2019-08-20 16:23:07.366 DEBUG 15182 --- [  restartedMain] org.hibernate.SQL                        : alter table sitereviews_ratingcriteria add constraint FKa5wpq540t4i5m0jw3he8hi063 foreign key (site_id) references sites (id)
2019-08-20 16:23:07.376 DEBUG 15182 --- [  restartedMain] org.hibernate.SQL                        : alter table sitereviews_ratingcriteria add constraint FKhuomrirmcgcyw8pc7nxardsct foreign key (topic_id) references topics (id)
2019-08-20 16:23:07.388 DEBUG 15182 --- [  restartedMain] org.hibernate.SQL                        : alter table sitereviews_ratingcriteria_voting add constraint FKb685iinx0os7oarwrmki29eu1 foreign key (sitereviewrating_id) references sitereviews_ratingcriteria (id)
2019-08-20 16:23:07.399 DEBUG 15182 --- [  restartedMain] org.hibernate.SQL                        : alter table sites add constraint FKs7i8unjoco05k4a9j6ev94f43 foreign key (backup_rootsite_id) references sites (id)
2019-08-20 16:23:07.409 DEBUG 15182 --- [  restartedMain] org.hibernate.SQL                        : alter table sites add constraint FKbg8dqb3iy3y0fs72hr3xlu8m2 foreign key (category_id) references categories (id)
2019-08-20 16:23:07.420 DEBUG 15182 --- [  restartedMain] org.hibernate.SQL                        : alter table sites add constraint FKm7jtou775sv064trqhbm5fg2d foreign key (rootsite_id) references sites (id)
2019-08-20 16:23:07.431 DEBUG 15182 --- [  restartedMain] org.hibernate.SQL                        : alter table topic_expert_assignment add constraint FKe9ua2x1l26eakim80vcbyn8ub foreign key (assigned_by_userid) references user (id)
2019-08-20 16:23:07.441 DEBUG 15182 --- [  restartedMain] org.hibernate.SQL                        : alter table topic_expert_assignment add constraint FK875rdhs5u9w2elrvxgtwndgw foreign key (expert_id) references user (id)
2019-08-20 16:23:07.452 DEBUG 15182 --- [  restartedMain] org.hibernate.SQL                        : alter table topic_expert_assignment add constraint FKdoi0rp37htfheejn6hdkcxurj foreign key (topic_id) references topics (id)
2019-08-20 16:23:07.463 DEBUG 15182 --- [  restartedMain] org.hibernate.SQL                        : alter table topics add constraint FK3mind1ka66asw07vi2t2gxalm foreign key (category_id) references categories (id)
2019-08-20 16:23:07.473 DEBUG 15182 --- [  restartedMain] org.hibernate.SQL                        : alter table topics add constraint FKpd5mo30erv4abuyhk94iatmcx foreign key (parent_topic_id) references topics (id)
2019-08-20 16:23:07.485 DEBUG 15182 --- [  restartedMain] org.hibernate.SQL                        : alter table topics_ratingcriteria add constraint FK1kpt5yitpwan2ar2le8txb2yd foreign key (ratingcriteria_id) references ratingcriteria (id)
2019-08-20 16:23:07.496 DEBUG 15182 --- [  restartedMain] org.hibernate.SQL                        : alter table topics_ratingcriteria add constraint FKcjcke05o5ht0i9mggn7q6gg07 foreign key (topic_id) references topics (id)
2019-08-20 16:23:07.507 DEBUG 15182 --- [  restartedMain] org.hibernate.SQL                        : alter table userinfo add constraint FKjd1oomh3nusy0svs6x6u3hfmf foreign key (user_id) references user (id)
2019-08-20 16:23:07.521 DEBUG 15182 --- [  restartedMain] org.hibernate.SQL                        : alter table topics_sites add constraint FK8idg2stl1xo6ywpfcih99w6r4 foreign key (topic_id) references topics (id)
2019-08-20 16:23:07.531 DEBUG 15182 --- [  restartedMain] org.hibernate.SQL                        : alter table topics_sites add constraint FKt09s74g0vvx95c4v6bmi78hf3 foreign key (site_id) references sites (id)
2019-08-20 16:23:07.544 DEBUG 15182 --- [  restartedMain] org.hibernate.SQL                        : alter table users_roles add constraint FKj6m8fwv7oqv74fcehir1a9ffy foreign key (role_id) references roles (id)
2019-08-20 16:23:07.554 DEBUG 15182 --- [  restartedMain] org.hibernate.SQL                        : alter table users_roles add constraint FKgd3iendaoyh04b95ykqise6qh foreign key (user_id) references user (id)
2019-08-20 16:23:07.568  INFO 15182 --- [  restartedMain] j.LocalContainerEntityManagerFactoryBean : Initialized JPA EntityManagerFactory for persistence unit 'default'
2019-08-20 16:23:07.591  INFO 15182 --- [  restartedMain] o.s.b.d.a.OptionalLiveReloadServer       : LiveReload server is running on port 35729
2019-08-20 16:23:08.143  INFO 15182 --- [  restartedMain] o.h.h.i.QueryTranslatorFactoryInitiator  : HHH000397: Using ASTQueryTranslatorFactory
2019-08-20 16:23:08.908  INFO 15182 --- [  restartedMain] o.s.s.concurrent.ThreadPoolTaskExecutor  : Initializing ExecutorService 'applicationTaskExecutor'
2019-08-20 16:23:08.958  WARN 15182 --- [  restartedMain] aWebConfiguration$JpaWebMvcConfiguration : spring.jpa.open-in-view is enabled by default. Therefore, database queries may be performed during view rendering. Explicitly configure spring.jpa.open-in-view to disable this warning
2019-08-20 16:23:09.197  INFO 15182 --- [  restartedMain] o.s.b.w.embedded.tomcat.TomcatWebServer  : Tomcat started on port(s): 9000 (http) with context path ''
2019-08-20 16:23:09.202  INFO 15182 --- [  restartedMain] com.qrata.QrataApplication               : Started QrataApplication in 7.502 seconds (JVM running for 7.961)
2019-08-20 16:23:27.047  INFO 15182 --- [nio-9000-exec-1] o.a.c.c.C.[Tomcat].[localhost].[/]       : Initializing Spring DispatcherServlet 'dispatcherServlet'
2019-08-20 16:23:27.047  INFO 15182 --- [nio-9000-exec-1] o.s.web.servlet.DispatcherServlet        : Initializing Servlet 'dispatcherServlet'
2019-08-20 16:23:27.055  INFO 15182 --- [nio-9000-exec-1] o.s.web.servlet.DispatcherServlet        : Completed initialization in 8 ms
2019-08-20 16:23:27.123 DEBUG 15182 --- [nio-9000-exec-1] org.hibernate.SQL                        : select sitereview0_.id as id1_5_, sitereview0_.created_by as created_2_5_, sitereview0_.date_created as date_cre3_5_, sitereview0_.last_updated as last_upd4_5_, sitereview0_.status as status5_5_, sitereview0_.uuid as uuid6_5_, sitereview0_.description as descript7_5_, sitereview0_.evaluation as evaluati8_5_, sitereview0_.read_status as read_sta9_5_, sitereview0_.review_status as review_10_5_, sitereview0_.score as score11_5_, sitereview0_.searchvector as searchv12_5_, sitereview0_.site_id as site_id16_5_, sitereview0_.status_code as status_13_5_, sitereview0_.strength as strengt14_5_, sitereview0_.topic_id as topic_i17_5_, sitereview0_.user_id as user_id18_5_, sitereview0_.weakness as weaknes15_5_ from sitereviews sitereview0_
2019-08-20 16:23:27.214 DEBUG 15182 --- [nio-9000-exec-1] org.hibernate.SQL                        : select site0_.id as id1_8_0_, site0_.created_by as created_2_8_0_, site0_.date_created as date_cre3_8_0_, site0_.last_updated as last_upd4_8_0_, site0_.status as status5_8_0_, site0_.uuid as uuid6_8_0_, site0_.backup_rootsite_id as backup_11_8_0_, site0_.category_id as categor12_8_0_, site0_.image_name as image_na7_8_0_, site0_.image_path as image_pa8_8_0_, site0_.name as name9_8_0_, site0_.rootsite_id as rootsit13_8_0_, site0_.url as url10_8_0_ from sites site0_ where site0_.id=?
2019-08-20 16:23:27.217 TRACE 15182 --- [nio-9000-exec-1] o.h.type.descriptor.sql.BasicBinder      : binding parameter [1] as [BIGINT] - [1]
2019-08-20 16:23:28.301  INFO 15182 --- [nio-9000-exec-1] org.displaytag.export.ExportViewFactory  : Initializing ExportViewFactory with type={csv,excel,xml,pdf}
2019-08-20 16:23:28.311  INFO 15182 --- [nio-9000-exec-1] o.displaytag.properties.TableProperties  : No LocaleResolver configured.
2019-08-20 16:23:45.108 DEBUG 15182 --- [nio-9000-exec-7] org.hibernate.SQL                        : select sitereview0_.id as id1_5_0_, sitereview0_.created_by as created_2_5_0_, sitereview0_.date_created as date_cre3_5_0_, sitereview0_.last_updated as last_upd4_5_0_, sitereview0_.status as status5_5_0_, sitereview0_.uuid as uuid6_5_0_, sitereview0_.description as descript7_5_0_, sitereview0_.evaluation as evaluati8_5_0_, sitereview0_.read_status as read_sta9_5_0_, sitereview0_.review_status as review_10_5_0_, sitereview0_.score as score11_5_0_, sitereview0_.searchvector as searchv12_5_0_, sitereview0_.site_id as site_id16_5_0_, sitereview0_.status_code as status_13_5_0_, sitereview0_.strength as strengt14_5_0_, sitereview0_.topic_id as topic_i17_5_0_, sitereview0_.user_id as user_id18_5_0_, sitereview0_.weakness as weaknes15_5_0_ from sitereviews sitereview0_ where sitereview0_.id=?
2019-08-20 16:23:45.108 TRACE 15182 --- [nio-9000-exec-7] o.h.type.descriptor.sql.BasicBinder      : binding parameter [1] as [BIGINT] - [1]
2019-08-20 16:23:45.113 DEBUG 15182 --- [nio-9000-exec-7] org.hibernate.SQL                        : select site0_.id as id1_8_0_, site0_.created_by as created_2_8_0_, site0_.date_created as date_cre3_8_0_, site0_.last_updated as last_upd4_8_0_, site0_.status as status5_8_0_, site0_.uuid as uuid6_8_0_, site0_.backup_rootsite_id as backup_11_8_0_, site0_.category_id as categor12_8_0_, site0_.image_name as image_na7_8_0_, site0_.image_path as image_pa8_8_0_, site0_.name as name9_8_0_, site0_.rootsite_id as rootsit13_8_0_, site0_.url as url10_8_0_ from sites site0_ where site0_.id=?
2019-08-20 16:23:45.113 TRACE 15182 --- [nio-9000-exec-7] o.h.type.descriptor.sql.BasicBinder      : binding parameter [1] as [BIGINT] - [1]
2019-08-20 16:23:45.115 DEBUG 15182 --- [nio-9000-exec-7] org.hibernate.SQL                        : select topic0_.id as id1_10_0_, topic0_.created_by as created_2_10_0_, topic0_.date_created as date_cre3_10_0_, topic0_.last_updated as last_upd4_10_0_, topic0_.status as status5_10_0_, topic0_.uuid as uuid6_10_0_, topic0_.category_id as categor10_10_0_, topic0_.leaf_node as leaf_nod7_10_0_, topic0_.name as name8_10_0_, topic0_.parent_topic_id as parent_11_10_0_, topic0_.topic_type as topic_ty9_10_0_ from topics topic0_ where topic0_.id=?
2019-08-20 16:23:45.117 TRACE 15182 --- [nio-9000-exec-7] o.h.type.descriptor.sql.BasicBinder      : binding parameter [1] as [INTEGER] - [3]
2019-08-20 16:23:45.121 DEBUG 15182 --- [nio-9000-exec-7] org.hibernate.SQL                        : select topicexper0_.id as id1_9_0_, topicexper0_.created_by as created_2_9_0_, topicexper0_.date_created as date_cre3_9_0_, topicexper0_.last_updated as last_upd4_9_0_, topicexper0_.status as status5_9_0_, topicexper0_.uuid as uuid6_9_0_, topicexper0_.assigned_by_userid as assigned7_9_0_, topicexper0_.expert_id as expert_i8_9_0_, topicexper0_.topic_id as topic_id9_9_0_ from topic_expert_assignment topicexper0_ where topicexper0_.topic_id=?
2019-08-20 16:23:45.122 TRACE 15182 --- [nio-9000-exec-7] o.h.type.descriptor.sql.BasicBinder      : binding parameter [1] as [INTEGER] - [3]
2019-08-20 17:01:04.429 DEBUG 15182 --- [nio-9000-exec-3] org.hibernate.SQL                        : select sitereview0_.description as col_0_0_ from sitereviews sitereview0_ where upper(sitereview0_.description) like upper(concat('%', ?, '%'))
2019-08-20 17:01:04.431 TRACE 15182 --- [nio-9000-exec-3] o.h.type.descriptor.sql.BasicBinder      : binding parameter [1] as [VARCHAR] - [dia]
2019-08-20 17:01:05.026 DEBUG 15182 --- [nio-9000-exec-6] org.hibernate.SQL                        : select sitereview0_.description as col_0_0_ from sitereviews sitereview0_ where upper(sitereview0_.description) like upper(concat('%', ?, '%'))
2019-08-20 17:01:05.027 TRACE 15182 --- [nio-9000-exec-6] o.h.type.descriptor.sql.BasicBinder      : binding parameter [1] as [VARCHAR] - [diabe]
2019-08-20 17:01:05.856 DEBUG 15182 --- [nio-9000-exec-9] org.hibernate.SQL                        : select sitereview0_.id as id1_5_, sitereview0_.created_by as created_2_5_, sitereview0_.date_created as date_cre3_5_, sitereview0_.last_updated as last_upd4_5_, sitereview0_.status as status5_5_, sitereview0_.uuid as uuid6_5_, sitereview0_.description as descript7_5_, sitereview0_.evaluation as evaluati8_5_, sitereview0_.read_status as read_sta9_5_, sitereview0_.review_status as review_10_5_, sitereview0_.score as score11_5_, sitereview0_.searchvector as searchv12_5_, sitereview0_.site_id as site_id16_5_, sitereview0_.status_code as status_13_5_, sitereview0_.strength as strengt14_5_, sitereview0_.topic_id as topic_i17_5_, sitereview0_.user_id as user_id18_5_, sitereview0_.weakness as weaknes15_5_ from sitereviews sitereview0_
2019-08-20 17:01:05.862 DEBUG 15182 --- [nio-9000-exec-9] org.hibernate.SQL                        : select site0_.id as id1_8_0_, site0_.created_by as created_2_8_0_, site0_.date_created as date_cre3_8_0_, site0_.last_updated as last_upd4_8_0_, site0_.status as status5_8_0_, site0_.uuid as uuid6_8_0_, site0_.backup_rootsite_id as backup_11_8_0_, site0_.category_id as categor12_8_0_, site0_.image_name as image_na7_8_0_, site0_.image_path as image_pa8_8_0_, site0_.name as name9_8_0_, site0_.rootsite_id as rootsit13_8_0_, site0_.url as url10_8_0_ from sites site0_ where site0_.id=?
2019-08-20 17:01:05.863 TRACE 15182 --- [nio-9000-exec-9] o.h.type.descriptor.sql.BasicBinder      : binding parameter [1] as [BIGINT] - [1]
2019-08-20 17:02:59.120 DEBUG 15182 --- [nio-9000-exec-4] org.hibernate.SQL                        : select sitereview0_.description as col_0_0_ from sitereviews sitereview0_ where upper(sitereview0_.description) like upper(concat('%', ?, '%'))
2019-08-20 17:02:59.121 TRACE 15182 --- [nio-9000-exec-4] o.h.type.descriptor.sql.BasicBinder      : binding parameter [1] as [VARCHAR] - [diabeties]
2019-08-20 17:05:03.567 DEBUG 15182 --- [nio-9000-exec-7] org.hibernate.SQL                        : select sitereview0_.description as col_0_0_ from sitereviews sitereview0_ where upper(sitereview0_.description) like upper(concat('%', ?, '%'))
2019-08-20 17:05:03.568 TRACE 15182 --- [nio-9000-exec-7] o.h.type.descriptor.sql.BasicBinder      : binding parameter [1] as [VARCHAR] - [a]
2019-08-20 17:05:04.768 DEBUG 15182 --- [nio-9000-exec-8] org.hibernate.SQL                        : select sitereview0_.description as col_0_0_ from sitereviews sitereview0_ where upper(sitereview0_.description) like upper(concat('%', ?, '%'))
2019-08-20 17:05:04.769 TRACE 15182 --- [nio-9000-exec-8] o.h.type.descriptor.sql.BasicBinder      : binding parameter [1] as [VARCHAR] - [arthri]
2019-08-20 17:05:06.038 DEBUG 15182 --- [nio-9000-exec-9] org.hibernate.SQL                        : select sitereview0_.description as col_0_0_ from sitereviews sitereview0_ where upper(sitereview0_.description) like upper(concat('%', ?, '%'))
2019-08-20 17:05:06.039 TRACE 15182 --- [nio-9000-exec-9] o.h.type.descriptor.sql.BasicBinder      : binding parameter [1] as [VARCHAR] - [arthritis]
2019-08-20 17:05:06.235 DEBUG 15182 --- [nio-9000-exec-1] org.hibernate.SQL                        : select sitereview0_.id as id1_5_, sitereview0_.created_by as created_2_5_, sitereview0_.date_created as date_cre3_5_, sitereview0_.last_updated as last_upd4_5_, sitereview0_.status as status5_5_, sitereview0_.uuid as uuid6_5_, sitereview0_.description as descript7_5_, sitereview0_.evaluation as evaluati8_5_, sitereview0_.read_status as read_sta9_5_, sitereview0_.review_status as review_10_5_, sitereview0_.score as score11_5_, sitereview0_.searchvector as searchv12_5_, sitereview0_.site_id as site_id16_5_, sitereview0_.status_code as status_13_5_, sitereview0_.strength as strengt14_5_, sitereview0_.topic_id as topic_i17_5_, sitereview0_.user_id as user_id18_5_, sitereview0_.weakness as weaknes15_5_ from sitereviews sitereview0_
2019-08-20 17:05:06.244 DEBUG 15182 --- [nio-9000-exec-1] org.hibernate.SQL                        : select site0_.id as id1_8_0_, site0_.created_by as created_2_8_0_, site0_.date_created as date_cre3_8_0_, site0_.last_updated as last_upd4_8_0_, site0_.status as status5_8_0_, site0_.uuid as uuid6_8_0_, site0_.backup_rootsite_id as backup_11_8_0_, site0_.category_id as categor12_8_0_, site0_.image_name as image_na7_8_0_, site0_.image_path as image_pa8_8_0_, site0_.name as name9_8_0_, site0_.rootsite_id as rootsit13_8_0_, site0_.url as url10_8_0_ from sites site0_ where site0_.id=?
2019-08-20 17:05:06.244 TRACE 15182 --- [nio-9000-exec-1] o.h.type.descriptor.sql.BasicBinder      : binding parameter [1] as [BIGINT] - [1]
2019-08-20 17:14:54.933 DEBUG 15182 --- [nio-9000-exec-5] org.hibernate.SQL                        : select sitereview0_.id as id1_5_, sitereview0_.created_by as created_2_5_, sitereview0_.date_created as date_cre3_5_, sitereview0_.last_updated as last_upd4_5_, sitereview0_.status as status5_5_, sitereview0_.uuid as uuid6_5_, sitereview0_.description as descript7_5_, sitereview0_.evaluation as evaluati8_5_, sitereview0_.read_status as read_sta9_5_, sitereview0_.review_status as review_10_5_, sitereview0_.score as score11_5_, sitereview0_.searchvector as searchv12_5_, sitereview0_.site_id as site_id16_5_, sitereview0_.status_code as status_13_5_, sitereview0_.strength as strengt14_5_, sitereview0_.topic_id as topic_i17_5_, sitereview0_.user_id as user_id18_5_, sitereview0_.weakness as weaknes15_5_ from sitereviews sitereview0_
2019-08-20 17:14:54.941 DEBUG 15182 --- [nio-9000-exec-5] org.hibernate.SQL                        : select site0_.id as id1_8_0_, site0_.created_by as created_2_8_0_, site0_.date_created as date_cre3_8_0_, site0_.last_updated as last_upd4_8_0_, site0_.status as status5_8_0_, site0_.uuid as uuid6_8_0_, site0_.backup_rootsite_id as backup_11_8_0_, site0_.category_id as categor12_8_0_, site0_.image_name as image_na7_8_0_, site0_.image_path as image_pa8_8_0_, site0_.name as name9_8_0_, site0_.rootsite_id as rootsit13_8_0_, site0_.url as url10_8_0_ from sites site0_ where site0_.id=?
2019-08-20 17:14:54.941 TRACE 15182 --- [nio-9000-exec-5] o.h.type.descriptor.sql.BasicBinder      : binding parameter [1] as [BIGINT] - [1]
2019-08-20 20:28:22.724  INFO 15182 --- [       Thread-9] o.s.s.concurrent.ThreadPoolTaskExecutor  : Shutting down ExecutorService 'applicationTaskExecutor'
2019-08-20 20:28:22.726  INFO 15182 --- [       Thread-9] j.LocalContainerEntityManagerFactoryBean : Closing JPA EntityManagerFactory for persistence unit 'default'
2019-08-20 20:28:22.729  INFO 15182 --- [       Thread-9] com.zaxxer.hikari.HikariDataSource       : HikariPool-1 - Shutdown initiated...
2019-08-20 20:28:22.737  INFO 15182 --- [       Thread-9] com.zaxxer.hikari.HikariDataSource       : HikariPool-1 - Shutdown completed.
[[1;34mINFO[m] Scanning for projects...
[[1;34mINFO[m] 
[[1;34mINFO[m] [1m-----------------------------< [0;36mcom:qrata[0;1m >------------------------------[m
[[1;34mINFO[m] [1mBuilding qrata 0.0.1-SNAPSHOT[m
[[1;34mINFO[m] [1m--------------------------------[ jar ]---------------------------------[m
[[1;34mINFO[m] 
[[1;34mINFO[m] [1m>>> [0;32mspring-boot-maven-plugin:2.1.6.RELEASE:run[m [1m(default-cli)[0;1m > [0;1mtest-compile[m @ [36mqrata[0;1m >>>[m
[[1;34mINFO[m] 
[[1;34mINFO[m] [1m--- [0;32mmaven-resources-plugin:3.1.0:resources[m [1m(default-resources)[m @ [36mqrata[0;1m ---[m
[[1;34mINFO[m] Using 'UTF-8' encoding to copy filtered resources.
[[1;34mINFO[m] Copying 1 resource
[[1;34mINFO[m] Copying 0 resource
[[1;34mINFO[m] 
[[1;34mINFO[m] [1m--- [0;32mmaven-compiler-plugin:3.8.1:compile[m [1m(default-compile)[m @ [36mqrata[0;1m ---[m
[[1;34mINFO[m] Nothing to compile - all classes are up to date
[[1;34mINFO[m] 
[[1;34mINFO[m] [1m--- [0;32mmaven-resources-plugin:3.1.0:testResources[m [1m(default-testResources)[m @ [36mqrata[0;1m ---[m
[[1;34mINFO[m] Using 'UTF-8' encoding to copy filtered resources.
[[1;34mINFO[m] skip non existing resourceDirectory /opt/qrata/src/test/resources
[[1;34mINFO[m] 
[[1;34mINFO[m] [1m--- [0;32mmaven-compiler-plugin:3.8.1:testCompile[m [1m(default-testCompile)[m @ [36mqrata[0;1m ---[m
[[1;34mINFO[m] Nothing to compile - all classes are up to date
[[1;34mINFO[m] 
[[1;34mINFO[m] [1m<<< [0;32mspring-boot-maven-plugin:2.1.6.RELEASE:run[m [1m(default-cli)[0;1m < [0;1mtest-compile[m @ [36mqrata[0;1m <<<[m
[[1;34mINFO[m] 
[[1;34mINFO[m] 
[[1;34mINFO[m] [1m--- [0;32mspring-boot-maven-plugin:2.1.6.RELEASE:run[m [1m(default-cli)[m @ [36mqrata[0;1m ---[m
[[1;34mINFO[m] Attaching agents: []
SLF4J: Class path contains multiple SLF4J bindings.
SLF4J: Found binding in [jar:file:/home/ubuntu/.m2/repository/ch/qos/logback/logback-classic/1.2.3/logback-classic-1.2.3.jar!/org/slf4j/impl/StaticLoggerBinder.class]
SLF4J: Found binding in [jar:file:/home/ubuntu/.m2/repository/org/slf4j/slf4j-log4j12/1.7.26/slf4j-log4j12-1.7.26.jar!/org/slf4j/impl/StaticLoggerBinder.class]
SLF4J: See http://www.slf4j.org/codes.html#multiple_bindings for an explanation.
SLF4J: Actual binding is of type [ch.qos.logback.classic.util.ContextSelectorStaticBinder]

  .   ____          _            __ _ _
 /\\ / ___'_ __ _ _(_)_ __  __ _ \ \ \ \
( ( )\___ | '_ | '_| | '_ \/ _` | \ \ \ \
 \\/  ___)| |_)| | | | | || (_| |  ) ) ) )
  '  |____| .__|_| |_|_| |_\__, | / / / /
 =========|_|==============|___/=/_/_/_/
 :: Spring Boot ::        (v2.1.6.RELEASE)

2019-08-21 06:01:06.975  INFO 16493 --- [  restartedMain] com.qrata.QrataApplication               : Starting QrataApplication on ip-172-31-44-84 with PID 16493 (/opt/qrata/target/classes started by ubuntu in /opt/qrata)
2019-08-21 06:01:06.988  INFO 16493 --- [  restartedMain] com.qrata.QrataApplication               : No active profile set, falling back to default profiles: default
2019-08-21 06:01:07.138  INFO 16493 --- [  restartedMain] .e.DevToolsPropertyDefaultsPostProcessor : Devtools property defaults active! Set 'spring.devtools.add-properties' to 'false' to disable
2019-08-21 06:01:07.138  INFO 16493 --- [  restartedMain] .e.DevToolsPropertyDefaultsPostProcessor : For additional web related logging consider setting the 'logging.level.web' property to 'DEBUG'
2019-08-21 06:01:09.031  INFO 16493 --- [  restartedMain] .s.d.r.c.RepositoryConfigurationDelegate : Bootstrapping Spring Data repositories in DEFAULT mode.
2019-08-21 06:01:09.348  INFO 16493 --- [  restartedMain] .s.d.r.c.RepositoryConfigurationDelegate : Finished Spring Data repository scanning in 301ms. Found 8 repository interfaces.
2019-08-21 06:01:10.235  INFO 16493 --- [  restartedMain] trationDelegate$BeanPostProcessorChecker : Bean 'org.springframework.transaction.annotation.ProxyTransactionManagementConfiguration' of type [org.springframework.transaction.annotation.ProxyTransactionManagementConfiguration$$EnhancerBySpringCGLIB$$318f61fa] is not eligible for getting processed by all BeanPostProcessors (for example: not eligible for auto-proxying)
2019-08-21 06:01:10.770  INFO 16493 --- [  restartedMain] o.s.b.w.embedded.tomcat.TomcatWebServer  : Tomcat initialized with port(s): 9000 (http)
2019-08-21 06:01:10.798  INFO 16493 --- [  restartedMain] o.apache.catalina.core.StandardService   : Starting service [Tomcat]
2019-08-21 06:01:10.799  INFO 16493 --- [  restartedMain] org.apache.catalina.core.StandardEngine  : Starting Servlet engine: [Apache Tomcat/9.0.21]
2019-08-21 06:01:11.219  INFO 16493 --- [  restartedMain] org.apache.jasper.servlet.TldScanner     : At least one JAR was scanned for TLDs yet contained no TLDs. Enable debug logging for this logger for a complete list of JARs that were scanned but no TLDs were found in them. Skipping unneeded JARs during scanning can improve startup time and JSP compilation time.
2019-08-21 06:01:11.230  INFO 16493 --- [  restartedMain] o.a.c.c.C.[Tomcat].[localhost].[/]       : Initializing Spring embedded WebApplicationContext
2019-08-21 06:01:11.230  INFO 16493 --- [  restartedMain] o.s.web.context.ContextLoader            : Root WebApplicationContext: initialization completed in 4092 ms
2019-08-21 06:01:11.444  INFO 16493 --- [  restartedMain] com.zaxxer.hikari.HikariDataSource       : HikariPool-1 - Starting...
2019-08-21 06:01:11.616  INFO 16493 --- [  restartedMain] com.zaxxer.hikari.HikariDataSource       : HikariPool-1 - Start completed.
2019-08-21 06:01:11.679  INFO 16493 --- [  restartedMain] o.hibernate.jpa.internal.util.LogHelper  : HHH000204: Processing PersistenceUnitInfo [
	name: default
	...]
2019-08-21 06:01:11.764  INFO 16493 --- [  restartedMain] org.hibernate.Version                    : HHH000412: Hibernate Core {5.3.10.Final}
2019-08-21 06:01:11.765  INFO 16493 --- [  restartedMain] org.hibernate.cfg.Environment            : HHH000206: hibernate.properties not found
2019-08-21 06:01:11.906  INFO 16493 --- [  restartedMain] o.hibernate.annotations.common.Version   : HCANN000001: Hibernate Commons Annotations {5.0.4.Final}
2019-08-21 06:01:12.067  INFO 16493 --- [  restartedMain] org.hibernate.dialect.Dialect            : HHH000400: Using dialect: org.hibernate.dialect.MySQL5Dialect
2019-08-21 06:01:13.772 DEBUG 16493 --- [  restartedMain] org.hibernate.SQL                        : alter table categories add constraint FKsaok720gsu4u2wrgbk10b5n8d foreign key (parent_id) references categories (id)
2019-08-21 06:01:13.783 DEBUG 16493 --- [  restartedMain] org.hibernate.SQL                        : alter table ratingcriteria add constraint FKo2lt6r0xunccncu4vv19606a2 foreign key (parent_id) references ratingcriteria (id)
2019-08-21 06:01:13.794 DEBUG 16493 --- [  restartedMain] org.hibernate.SQL                        : alter table related_topics add constraint FKdro07uteaelr0h6wk32bjtft3 foreign key (relatedtopic_id) references topics (id)
2019-08-21 06:01:13.804 DEBUG 16493 --- [  restartedMain] org.hibernate.SQL                        : alter table related_topics add constraint FK6wxnncc8l4bbsgcb02yyah3u7 foreign key (topic_id) references topics (id)
2019-08-21 06:01:13.816 DEBUG 16493 --- [  restartedMain] org.hibernate.SQL                        : alter table sitereview_comments add constraint FKl84pyctxshytvtapgmfrd1gvl foreign key (commented_by) references user (id)
2019-08-21 06:01:13.827 DEBUG 16493 --- [  restartedMain] org.hibernate.SQL                        : alter table sitereview_comments add constraint FK6qcckpxuxg6n18lykmuo9f5v9 foreign key (sitereview_id) references sitereviews (id)
2019-08-21 06:01:13.838 DEBUG 16493 --- [  restartedMain] org.hibernate.SQL                        : alter table sitereviews add constraint FKby0vo1kxg3je8xjidab4v0fs2 foreign key (site_id) references sites (id)
2019-08-21 06:01:13.848 DEBUG 16493 --- [  restartedMain] org.hibernate.SQL                        : alter table sitereviews add constraint FKneu0tvqjkrqsd4ekd2huthpxv foreign key (topic_id) references topics (id)
2019-08-21 06:01:13.859 DEBUG 16493 --- [  restartedMain] org.hibernate.SQL                        : alter table sitereviews add constraint FKqun7qpqpi0lgl9etg5bh4w8pa foreign key (user_id) references user (id)
2019-08-21 06:01:13.870 DEBUG 16493 --- [  restartedMain] org.hibernate.SQL                        : alter table sitereviews_ratingcriteria add constraint FKpg0dwboa4t13gjuciyklq9lm0 foreign key (ratingcriteria_id) references ratingcriteria (id)
2019-08-21 06:01:13.880 DEBUG 16493 --- [  restartedMain] org.hibernate.SQL                        : alter table sitereviews_ratingcriteria add constraint FK67qd80l4ixd9a0k0sw7dqlsvu foreign key (sitereview_id) references sitereviews (id)
2019-08-21 06:01:13.891 DEBUG 16493 --- [  restartedMain] org.hibernate.SQL                        : alter table sitereviews_ratingcriteria add constraint FKa5wpq540t4i5m0jw3he8hi063 foreign key (site_id) references sites (id)
2019-08-21 06:01:13.902 DEBUG 16493 --- [  restartedMain] org.hibernate.SQL                        : alter table sitereviews_ratingcriteria add constraint FKhuomrirmcgcyw8pc7nxardsct foreign key (topic_id) references topics (id)
2019-08-21 06:01:13.913 DEBUG 16493 --- [  restartedMain] org.hibernate.SQL                        : alter table sitereviews_ratingcriteria_voting add constraint FKb685iinx0os7oarwrmki29eu1 foreign key (sitereviewrating_id) references sitereviews_ratingcriteria (id)
2019-08-21 06:01:13.924 DEBUG 16493 --- [  restartedMain] org.hibernate.SQL                        : alter table sites add constraint FKs7i8unjoco05k4a9j6ev94f43 foreign key (backup_rootsite_id) references sites (id)
2019-08-21 06:01:13.934 DEBUG 16493 --- [  restartedMain] org.hibernate.SQL                        : alter table sites add constraint FKbg8dqb3iy3y0fs72hr3xlu8m2 foreign key (category_id) references categories (id)
2019-08-21 06:01:13.945 DEBUG 16493 --- [  restartedMain] org.hibernate.SQL                        : alter table sites add constraint FKm7jtou775sv064trqhbm5fg2d foreign key (rootsite_id) references sites (id)
2019-08-21 06:01:13.957 DEBUG 16493 --- [  restartedMain] org.hibernate.SQL                        : alter table topic_expert_assignment add constraint FKe9ua2x1l26eakim80vcbyn8ub foreign key (assigned_by_userid) references user (id)
2019-08-21 06:01:13.967 DEBUG 16493 --- [  restartedMain] org.hibernate.SQL                        : alter table topic_expert_assignment add constraint FK875rdhs5u9w2elrvxgtwndgw foreign key (expert_id) references user (id)
2019-08-21 06:01:13.978 DEBUG 16493 --- [  restartedMain] org.hibernate.SQL                        : alter table topic_expert_assignment add constraint FKdoi0rp37htfheejn6hdkcxurj foreign key (topic_id) references topics (id)
2019-08-21 06:01:13.995 DEBUG 16493 --- [  restartedMain] org.hibernate.SQL                        : alter table topics add constraint FK3mind1ka66asw07vi2t2gxalm foreign key (category_id) references categories (id)
2019-08-21 06:01:14.000 DEBUG 16493 --- [  restartedMain] org.hibernate.SQL                        : alter table topics add constraint FKpd5mo30erv4abuyhk94iatmcx foreign key (parent_topic_id) references topics (id)
2019-08-21 06:01:14.012 DEBUG 16493 --- [  restartedMain] org.hibernate.SQL                        : alter table topics_ratingcriteria add constraint FK1kpt5yitpwan2ar2le8txb2yd foreign key (ratingcriteria_id) references ratingcriteria (id)
2019-08-21 06:01:14.022 DEBUG 16493 --- [  restartedMain] org.hibernate.SQL                        : alter table topics_ratingcriteria add constraint FKcjcke05o5ht0i9mggn7q6gg07 foreign key (topic_id) references topics (id)
2019-08-21 06:01:14.033 DEBUG 16493 --- [  restartedMain] org.hibernate.SQL                        : alter table userinfo add constraint FKjd1oomh3nusy0svs6x6u3hfmf foreign key (user_id) references user (id)
2019-08-21 06:01:14.044 DEBUG 16493 --- [  restartedMain] org.hibernate.SQL                        : alter table topics_sites add constraint FK8idg2stl1xo6ywpfcih99w6r4 foreign key (topic_id) references topics (id)
2019-08-21 06:01:14.054 DEBUG 16493 --- [  restartedMain] org.hibernate.SQL                        : alter table topics_sites add constraint FKt09s74g0vvx95c4v6bmi78hf3 foreign key (site_id) references sites (id)
2019-08-21 06:01:14.065 DEBUG 16493 --- [  restartedMain] org.hibernate.SQL                        : alter table users_roles add constraint FKj6m8fwv7oqv74fcehir1a9ffy foreign key (role_id) references roles (id)
2019-08-21 06:01:14.075 DEBUG 16493 --- [  restartedMain] org.hibernate.SQL                        : alter table users_roles add constraint FKgd3iendaoyh04b95ykqise6qh foreign key (user_id) references user (id)
2019-08-21 06:01:14.088  INFO 16493 --- [  restartedMain] j.LocalContainerEntityManagerFactoryBean : Initialized JPA EntityManagerFactory for persistence unit 'default'
2019-08-21 06:01:14.110  WARN 16493 --- [  restartedMain] o.s.b.d.a.OptionalLiveReloadServer       : Unable to start LiveReload server
2019-08-21 06:01:14.571  INFO 16493 --- [  restartedMain] o.h.h.i.QueryTranslatorFactoryInitiator  : HHH000397: Using ASTQueryTranslatorFactory
2019-08-21 06:01:15.416  INFO 16493 --- [  restartedMain] o.s.s.concurrent.ThreadPoolTaskExecutor  : Initializing ExecutorService 'applicationTaskExecutor'
2019-08-21 06:01:15.471  WARN 16493 --- [  restartedMain] aWebConfiguration$JpaWebMvcConfiguration : spring.jpa.open-in-view is enabled by default. Therefore, database queries may be performed during view rendering. Explicitly configure spring.jpa.open-in-view to disable this warning
2019-08-21 06:01:15.781 ERROR 16493 --- [  restartedMain] org.apache.catalina.util.LifecycleBase   : Failed to start component [Connector[HTTP/1.1-9000]]

org.apache.catalina.LifecycleException: Protocol handler start failed
	at org.apache.catalina.connector.Connector.startInternal(Connector.java:1008) ~[tomcat-embed-core-9.0.21.jar:9.0.21]
	at org.apache.catalina.util.LifecycleBase.start(LifecycleBase.java:183) ~[tomcat-embed-core-9.0.21.jar:9.0.21]
	at org.apache.catalina.core.StandardService.addConnector(StandardService.java:227) [tomcat-embed-core-9.0.21.jar:9.0.21]
	at org.springframework.boot.web.embedded.tomcat.TomcatWebServer.addPreviouslyRemovedConnectors(TomcatWebServer.java:263) [spring-boot-2.1.6.RELEASE.jar:2.1.6.RELEASE]
	at org.springframework.boot.web.embedded.tomcat.TomcatWebServer.start(TomcatWebServer.java:195) [spring-boot-2.1.6.RELEASE.jar:2.1.6.RELEASE]
	at org.springframework.boot.web.servlet.context.ServletWebServerApplicationContext.startWebServer(ServletWebServerApplicationContext.java:296) [spring-boot-2.1.6.RELEASE.jar:2.1.6.RELEASE]
	at org.springframework.boot.web.servlet.context.ServletWebServerApplicationContext.finishRefresh(ServletWebServerApplicationContext.java:162) [spring-boot-2.1.6.RELEASE.jar:2.1.6.RELEASE]
	at org.springframework.context.support.AbstractApplicationContext.refresh(AbstractApplicationContext.java:552) [spring-context-5.1.8.RELEASE.jar:5.1.8.RELEASE]
	at org.springframework.boot.web.servlet.context.ServletWebServerApplicationContext.refresh(ServletWebServerApplicationContext.java:140) [spring-boot-2.1.6.RELEASE.jar:2.1.6.RELEASE]
	at org.springframework.boot.SpringApplication.refresh(SpringApplication.java:742) [spring-boot-2.1.6.RELEASE.jar:2.1.6.RELEASE]
	at org.springframework.boot.SpringApplication.refreshContext(SpringApplication.java:389) [spring-boot-2.1.6.RELEASE.jar:2.1.6.RELEASE]
	at org.springframework.boot.SpringApplication.run(SpringApplication.java:311) [spring-boot-2.1.6.RELEASE.jar:2.1.6.RELEASE]
	at org.springframework.boot.SpringApplication.run(SpringApplication.java:1213) [spring-boot-2.1.6.RELEASE.jar:2.1.6.RELEASE]
	at org.springframework.boot.SpringApplication.run(SpringApplication.java:1202) [spring-boot-2.1.6.RELEASE.jar:2.1.6.RELEASE]
	at com.qrata.QrataApplication.main(QrataApplication.java:12) [classes/:na]
	at sun.reflect.NativeMethodAccessorImpl.invoke0(Native Method) ~[na:1.8.0_221]
	at sun.reflect.NativeMethodAccessorImpl.invoke(NativeMethodAccessorImpl.java:62) ~[na:1.8.0_221]
	at sun.reflect.DelegatingMethodAccessorImpl.invoke(DelegatingMethodAccessorImpl.java:43) ~[na:1.8.0_221]
	at java.lang.reflect.Method.invoke(Method.java:498) ~[na:1.8.0_221]
	at org.springframework.boot.devtools.restart.RestartLauncher.run(RestartLauncher.java:49) [spring-boot-devtools-2.1.5.RELEASE.jar:2.1.5.RELEASE]
Caused by: java.net.BindException: Address already in use
	at sun.nio.ch.Net.bind0(Native Method) ~[na:1.8.0_221]
	at sun.nio.ch.Net.bind(Net.java:433) ~[na:1.8.0_221]
	at sun.nio.ch.Net.bind(Net.java:425) ~[na:1.8.0_221]
	at sun.nio.ch.ServerSocketChannelImpl.bind(ServerSocketChannelImpl.java:223) ~[na:1.8.0_221]
	at sun.nio.ch.ServerSocketAdaptor.bind(ServerSocketAdaptor.java:74) ~[na:1.8.0_221]
	at org.apache.tomcat.util.net.NioEndpoint.initServerSocket(NioEndpoint.java:230) ~[tomcat-embed-core-9.0.21.jar:9.0.21]
	at org.apache.tomcat.util.net.NioEndpoint.bind(NioEndpoint.java:213) ~[tomcat-embed-core-9.0.21.jar:9.0.21]
	at org.apache.tomcat.util.net.AbstractEndpoint.bindWithCleanup(AbstractEndpoint.java:1124) ~[tomcat-embed-core-9.0.21.jar:9.0.21]
	at org.apache.tomcat.util.net.AbstractEndpoint.start(AbstractEndpoint.java:1210) ~[tomcat-embed-core-9.0.21.jar:9.0.21]
	at org.apache.coyote.AbstractProtocol.start(AbstractProtocol.java:585) ~[tomcat-embed-core-9.0.21.jar:9.0.21]
	at org.apache.catalina.connector.Connector.startInternal(Connector.java:1005) ~[tomcat-embed-core-9.0.21.jar:9.0.21]
	... 19 common frames omitted

2019-08-21 06:01:15.796  INFO 16493 --- [  restartedMain] o.apache.catalina.core.StandardService   : Stopping service [Tomcat]
2019-08-21 06:01:15.807  INFO 16493 --- [  restartedMain] ConditionEvaluationReportLoggingListener : 

Error starting ApplicationContext. To display the conditions report re-run your application with 'debug' enabled.
2019-08-21 06:01:15.810 ERROR 16493 --- [  restartedMain] o.s.b.d.LoggingFailureAnalysisReporter   : 

***************************
APPLICATION FAILED TO START
***************************

Description:

The Tomcat connector configured to listen on port 9000 failed to start. The port may already be in use or the connector may be misconfigured.

Action:

Verify the connector's configuration, identify and stop any process that's listening on port 9000, or configure this application to listen on another port.

2019-08-21 06:01:15.815  INFO 16493 --- [  restartedMain] o.s.s.concurrent.ThreadPoolTaskExecutor  : Shutting down ExecutorService 'applicationTaskExecutor'
2019-08-21 06:01:15.818  INFO 16493 --- [  restartedMain] j.LocalContainerEntityManagerFactoryBean : Closing JPA EntityManagerFactory for persistence unit 'default'
2019-08-21 06:01:15.821  INFO 16493 --- [  restartedMain] com.zaxxer.hikari.HikariDataSource       : HikariPool-1 - Shutdown initiated...
2019-08-21 06:01:15.833  INFO 16493 --- [  restartedMain] com.zaxxer.hikari.HikariDataSource       : HikariPool-1 - Shutdown completed.
[[1;34mINFO[m] [1m------------------------------------------------------------------------[m
[[1;34mINFO[m] [1;32mBUILD SUCCESS[m
[[1;34mINFO[m] [1m------------------------------------------------------------------------[m
[[1;34mINFO[m] Total time:  12.703 s
[[1;34mINFO[m] Finished at: 2019-08-21T06:01:15Z
[[1;34mINFO[m] [1m------------------------------------------------------------------------[m
