[[1;34mINFO[m] Scanning for projects...
[[1;34mINFO[m] 
[[1;34mINFO[m] [1m-----------------------------< [0;36mcom:qrata[0;1m >------------------------------[m
[[1;34mINFO[m] [1mBuilding qrata 0.0.1-SNAPSHOT[m
[[1;34mINFO[m] [1m--------------------------------[ jar ]---------------------------------[m
[[1;34mINFO[m] 
[[1;34mINFO[m] [1m>>> [0;32mspring-boot-maven-plugin:2.1.6.RELEASE:run[m [1m(default-cli)[0;1m > [0;1mtest-compile[m @ [36mqrata[0;1m >>>[m
[[1;34mINFO[m] 
[[1;34mINFO[m] [1m--- [0;32mmaven-resources-plugin:3.1.0:resources[m [1m(default-resources)[m @ [36mqrata[0;1m ---[m
[[1;34mINFO[m] Using 'UTF-8' encoding to copy filtered resources.
[[1;34mINFO[m] Copying 1 resource
[[1;34mINFO[m] Copying 0 resource
[[1;34mINFO[m] 
[[1;34mINFO[m] [1m--- [0;32mmaven-compiler-plugin:3.8.1:compile[m [1m(default-compile)[m @ [36mqrata[0;1m ---[m
[[1;34mINFO[m] Nothing to compile - all classes are up to date
[[1;34mINFO[m] 
[[1;34mINFO[m] [1m--- [0;32mmaven-resources-plugin:3.1.0:testResources[m [1m(default-testResources)[m @ [36mqrata[0;1m ---[m
[[1;34mINFO[m] Using 'UTF-8' encoding to copy filtered resources.
[[1;34mINFO[m] skip non existing resourceDirectory /opt/qrata/src/test/resources
[[1;34mINFO[m] 
[[1;34mINFO[m] [1m--- [0;32mmaven-compiler-plugin:3.8.1:testCompile[m [1m(default-testCompile)[m @ [36mqrata[0;1m ---[m
[[1;34mINFO[m] Nothing to compile - all classes are up to date
[[1;34mINFO[m] 
[[1;34mINFO[m] [1m<<< [0;32mspring-boot-maven-plugin:2.1.6.RELEASE:run[m [1m(default-cli)[0;1m < [0;1mtest-compile[m @ [36mqrata[0;1m <<<[m
[[1;34mINFO[m] 
[[1;34mINFO[m] 
[[1;34mINFO[m] [1m--- [0;32mspring-boot-maven-plugin:2.1.6.RELEASE:run[m [1m(default-cli)[m @ [36mqrata[0;1m ---[m
[[1;34mINFO[m] Attaching agents: []
SLF4J: Class path contains multiple SLF4J bindings.
SLF4J: Found binding in [jar:file:/home/ubuntu/.m2/repository/ch/qos/logback/logback-classic/1.2.3/logback-classic-1.2.3.jar!/org/slf4j/impl/StaticLoggerBinder.class]
SLF4J: Found binding in [jar:file:/home/ubuntu/.m2/repository/org/slf4j/slf4j-log4j12/1.7.26/slf4j-log4j12-1.7.26.jar!/org/slf4j/impl/StaticLoggerBinder.class]
SLF4J: See http://www.slf4j.org/codes.html#multiple_bindings for an explanation.
SLF4J: Actual binding is of type [ch.qos.logback.classic.util.ContextSelectorStaticBinder]

  .   ____          _            __ _ _
 /\\ / ___'_ __ _ _(_)_ __  __ _ \ \ \ \
( ( )\___ | '_ | '_| | '_ \/ _` | \ \ \ \
 \\/  ___)| |_)| | | | | || (_| |  ) ) ) )
  '  |____| .__|_| |_|_| |_\__, | / / / /
 =========|_|==============|___/=/_/_/_/
 :: Spring Boot ::        (v2.1.6.RELEASE)

2019-08-21 04:58:59.676  INFO 15862 --- [  restartedMain] com.qrata.QrataApplication               : Starting QrataApplication on ip-172-31-44-84 with PID 15862 (/opt/qrata/target/classes started by ubuntu in /opt/qrata)
2019-08-21 04:58:59.680  INFO 15862 --- [  restartedMain] com.qrata.QrataApplication               : No active profile set, falling back to default profiles: default
2019-08-21 04:58:59.768  INFO 15862 --- [  restartedMain] .e.DevToolsPropertyDefaultsPostProcessor : Devtools property defaults active! Set 'spring.devtools.add-properties' to 'false' to disable
2019-08-21 04:58:59.769  INFO 15862 --- [  restartedMain] .e.DevToolsPropertyDefaultsPostProcessor : For additional web related logging consider setting the 'logging.level.web' property to 'DEBUG'
2019-08-21 04:59:00.822  INFO 15862 --- [  restartedMain] .s.d.r.c.RepositoryConfigurationDelegate : Bootstrapping Spring Data repositories in DEFAULT mode.
2019-08-21 04:59:00.927  INFO 15862 --- [  restartedMain] .s.d.r.c.RepositoryConfigurationDelegate : Finished Spring Data repository scanning in 96ms. Found 8 repository interfaces.
2019-08-21 04:59:01.443  INFO 15862 --- [  restartedMain] trationDelegate$BeanPostProcessorChecker : Bean 'org.springframework.transaction.annotation.ProxyTransactionManagementConfiguration' of type [org.springframework.transaction.annotation.ProxyTransactionManagementConfiguration$$EnhancerBySpringCGLIB$$599374f8] is not eligible for getting processed by all BeanPostProcessors (for example: not eligible for auto-proxying)
2019-08-21 04:59:01.877  INFO 15862 --- [  restartedMain] o.s.b.w.embedded.tomcat.TomcatWebServer  : Tomcat initialized with port(s): 9000 (http)
2019-08-21 04:59:01.905  INFO 15862 --- [  restartedMain] o.apache.catalina.core.StandardService   : Starting service [Tomcat]
2019-08-21 04:59:01.906  INFO 15862 --- [  restartedMain] org.apache.catalina.core.StandardEngine  : Starting Servlet engine: [Apache Tomcat/9.0.21]
2019-08-21 04:59:02.258  INFO 15862 --- [  restartedMain] org.apache.jasper.servlet.TldScanner     : At least one JAR was scanned for TLDs yet contained no TLDs. Enable debug logging for this logger for a complete list of JARs that were scanned but no TLDs were found in them. Skipping unneeded JARs during scanning can improve startup time and JSP compilation time.
2019-08-21 04:59:02.265  INFO 15862 --- [  restartedMain] o.a.c.c.C.[Tomcat].[localhost].[/]       : Initializing Spring embedded WebApplicationContext
2019-08-21 04:59:02.265  INFO 15862 --- [  restartedMain] o.s.web.context.ContextLoader            : Root WebApplicationContext: initialization completed in 2496 ms
2019-08-21 04:59:02.436  INFO 15862 --- [  restartedMain] com.zaxxer.hikari.HikariDataSource       : HikariPool-1 - Starting...
2019-08-21 04:59:02.595  INFO 15862 --- [  restartedMain] com.zaxxer.hikari.HikariDataSource       : HikariPool-1 - Start completed.
2019-08-21 04:59:02.659  INFO 15862 --- [  restartedMain] o.hibernate.jpa.internal.util.LogHelper  : HHH000204: Processing PersistenceUnitInfo [
	name: default
	...]
2019-08-21 04:59:02.734  INFO 15862 --- [  restartedMain] org.hibernate.Version                    : HHH000412: Hibernate Core {5.3.10.Final}
2019-08-21 04:59:02.735  INFO 15862 --- [  restartedMain] org.hibernate.cfg.Environment            : HHH000206: hibernate.properties not found
2019-08-21 04:59:02.872  INFO 15862 --- [  restartedMain] o.hibernate.annotations.common.Version   : HCANN000001: Hibernate Commons Annotations {5.0.4.Final}
2019-08-21 04:59:03.023  INFO 15862 --- [  restartedMain] org.hibernate.dialect.Dialect            : HHH000400: Using dialect: org.hibernate.dialect.MySQL5Dialect
2019-08-21 04:59:04.214 DEBUG 15862 --- [  restartedMain] org.hibernate.SQL                        : alter table categories add constraint FKsaok720gsu4u2wrgbk10b5n8d foreign key (parent_id) references categories (id)
2019-08-21 04:59:04.224 DEBUG 15862 --- [  restartedMain] org.hibernate.SQL                        : alter table ratingcriteria add constraint FKo2lt6r0xunccncu4vv19606a2 foreign key (parent_id) references ratingcriteria (id)
2019-08-21 04:59:04.236 DEBUG 15862 --- [  restartedMain] org.hibernate.SQL                        : alter table related_topics add constraint FKdro07uteaelr0h6wk32bjtft3 foreign key (relatedtopic_id) references topics (id)
2019-08-21 04:59:04.244 DEBUG 15862 --- [  restartedMain] org.hibernate.SQL                        : alter table related_topics add constraint FK6wxnncc8l4bbsgcb02yyah3u7 foreign key (topic_id) references topics (id)
2019-08-21 04:59:04.255 DEBUG 15862 --- [  restartedMain] org.hibernate.SQL                        : alter table sitereview_comments add constraint FKl84pyctxshytvtapgmfrd1gvl foreign key (commented_by) references user (id)
2019-08-21 04:59:04.266 DEBUG 15862 --- [  restartedMain] org.hibernate.SQL                        : alter table sitereview_comments add constraint FK6qcckpxuxg6n18lykmuo9f5v9 foreign key (sitereview_id) references sitereviews (id)
2019-08-21 04:59:04.280 DEBUG 15862 --- [  restartedMain] org.hibernate.SQL                        : alter table sitereviews add constraint FKby0vo1kxg3je8xjidab4v0fs2 foreign key (site_id) references sites (id)
2019-08-21 04:59:04.287 DEBUG 15862 --- [  restartedMain] org.hibernate.SQL                        : alter table sitereviews add constraint FKneu0tvqjkrqsd4ekd2huthpxv foreign key (topic_id) references topics (id)
2019-08-21 04:59:04.298 DEBUG 15862 --- [  restartedMain] org.hibernate.SQL                        : alter table sitereviews add constraint FKqun7qpqpi0lgl9etg5bh4w8pa foreign key (user_id) references user (id)
2019-08-21 04:59:04.310 DEBUG 15862 --- [  restartedMain] org.hibernate.SQL                        : alter table sitereviews_ratingcriteria add constraint FKpg0dwboa4t13gjuciyklq9lm0 foreign key (ratingcriteria_id) references ratingcriteria (id)
2019-08-21 04:59:04.321 DEBUG 15862 --- [  restartedMain] org.hibernate.SQL                        : alter table sitereviews_ratingcriteria add constraint FK67qd80l4ixd9a0k0sw7dqlsvu foreign key (sitereview_id) references sitereviews (id)
2019-08-21 04:59:04.331 DEBUG 15862 --- [  restartedMain] org.hibernate.SQL                        : alter table sitereviews_ratingcriteria add constraint FKa5wpq540t4i5m0jw3he8hi063 foreign key (site_id) references sites (id)
2019-08-21 04:59:04.343 DEBUG 15862 --- [  restartedMain] org.hibernate.SQL                        : alter table sitereviews_ratingcriteria add constraint FKhuomrirmcgcyw8pc7nxardsct foreign key (topic_id) references topics (id)
2019-08-21 04:59:04.356 DEBUG 15862 --- [  restartedMain] org.hibernate.SQL                        : alter table sitereviews_ratingcriteria_voting add constraint FKb685iinx0os7oarwrmki29eu1 foreign key (sitereviewrating_id) references sitereviews_ratingcriteria (id)
2019-08-21 04:59:04.366 DEBUG 15862 --- [  restartedMain] org.hibernate.SQL                        : alter table sites add constraint FKs7i8unjoco05k4a9j6ev94f43 foreign key (backup_rootsite_id) references sites (id)
2019-08-21 04:59:04.379 DEBUG 15862 --- [  restartedMain] org.hibernate.SQL                        : alter table sites add constraint FKbg8dqb3iy3y0fs72hr3xlu8m2 foreign key (category_id) references categories (id)
2019-08-21 04:59:04.389 DEBUG 15862 --- [  restartedMain] org.hibernate.SQL                        : alter table sites add constraint FKm7jtou775sv064trqhbm5fg2d foreign key (rootsite_id) references sites (id)
2019-08-21 04:59:04.400 DEBUG 15862 --- [  restartedMain] org.hibernate.SQL                        : alter table topic_expert_assignment add constraint FKe9ua2x1l26eakim80vcbyn8ub foreign key (assigned_by_userid) references user (id)
2019-08-21 04:59:04.410 DEBUG 15862 --- [  restartedMain] org.hibernate.SQL                        : alter table topic_expert_assignment add constraint FK875rdhs5u9w2elrvxgtwndgw foreign key (expert_id) references user (id)
2019-08-21 04:59:04.421 DEBUG 15862 --- [  restartedMain] org.hibernate.SQL                        : alter table topic_expert_assignment add constraint FKdoi0rp37htfheejn6hdkcxurj foreign key (topic_id) references topics (id)
2019-08-21 04:59:04.434 DEBUG 15862 --- [  restartedMain] org.hibernate.SQL                        : alter table topics add constraint FK3mind1ka66asw07vi2t2gxalm foreign key (category_id) references categories (id)
2019-08-21 04:59:04.443 DEBUG 15862 --- [  restartedMain] org.hibernate.SQL                        : alter table topics add constraint FKpd5mo30erv4abuyhk94iatmcx foreign key (parent_topic_id) references topics (id)
2019-08-21 04:59:04.454 DEBUG 15862 --- [  restartedMain] org.hibernate.SQL                        : alter table topics_ratingcriteria add constraint FK1kpt5yitpwan2ar2le8txb2yd foreign key (ratingcriteria_id) references ratingcriteria (id)
2019-08-21 04:59:04.464 DEBUG 15862 --- [  restartedMain] org.hibernate.SQL                        : alter table topics_ratingcriteria add constraint FKcjcke05o5ht0i9mggn7q6gg07 foreign key (topic_id) references topics (id)
2019-08-21 04:59:04.475 DEBUG 15862 --- [  restartedMain] org.hibernate.SQL                        : alter table userinfo add constraint FKjd1oomh3nusy0svs6x6u3hfmf foreign key (user_id) references user (id)
2019-08-21 04:59:04.486 DEBUG 15862 --- [  restartedMain] org.hibernate.SQL                        : alter table topics_sites add constraint FK8idg2stl1xo6ywpfcih99w6r4 foreign key (topic_id) references topics (id)
2019-08-21 04:59:04.496 DEBUG 15862 --- [  restartedMain] org.hibernate.SQL                        : alter table topics_sites add constraint FKt09s74g0vvx95c4v6bmi78hf3 foreign key (site_id) references sites (id)
2019-08-21 04:59:04.507 DEBUG 15862 --- [  restartedMain] org.hibernate.SQL                        : alter table users_roles add constraint FKj6m8fwv7oqv74fcehir1a9ffy foreign key (role_id) references roles (id)
2019-08-21 04:59:04.517 DEBUG 15862 --- [  restartedMain] org.hibernate.SQL                        : alter table users_roles add constraint FKgd3iendaoyh04b95ykqise6qh foreign key (user_id) references user (id)
2019-08-21 04:59:04.531  INFO 15862 --- [  restartedMain] j.LocalContainerEntityManagerFactoryBean : Initialized JPA EntityManagerFactory for persistence unit 'default'
2019-08-21 04:59:04.555  INFO 15862 --- [  restartedMain] o.s.b.d.a.OptionalLiveReloadServer       : LiveReload server is running on port 35729
2019-08-21 04:59:05.023  INFO 15862 --- [  restartedMain] o.h.h.i.QueryTranslatorFactoryInitiator  : HHH000397: Using ASTQueryTranslatorFactory
2019-08-21 04:59:05.873  INFO 15862 --- [  restartedMain] o.s.s.concurrent.ThreadPoolTaskExecutor  : Initializing ExecutorService 'applicationTaskExecutor'
2019-08-21 04:59:05.920  WARN 15862 --- [  restartedMain] aWebConfiguration$JpaWebMvcConfiguration : spring.jpa.open-in-view is enabled by default. Therefore, database queries may be performed during view rendering. Explicitly configure spring.jpa.open-in-view to disable this warning
2019-08-21 04:59:06.157  INFO 15862 --- [  restartedMain] o.s.b.w.embedded.tomcat.TomcatWebServer  : Tomcat started on port(s): 9000 (http) with context path ''
2019-08-21 04:59:06.159  INFO 15862 --- [  restartedMain] com.qrata.QrataApplication               : Started QrataApplication in 6.993 seconds (JVM running for 7.407)
2019-08-21 04:59:26.718  INFO 15862 --- [nio-9000-exec-1] o.a.c.c.C.[Tomcat].[localhost].[/]       : Initializing Spring DispatcherServlet 'dispatcherServlet'
2019-08-21 04:59:26.718  INFO 15862 --- [nio-9000-exec-1] o.s.web.servlet.DispatcherServlet        : Initializing Servlet 'dispatcherServlet'
2019-08-21 04:59:26.727  INFO 15862 --- [nio-9000-exec-1] o.s.web.servlet.DispatcherServlet        : Completed initialization in 9 ms
2019-08-21 05:08:12.637 DEBUG 15862 --- [nio-9000-exec-7] org.hibernate.SQL                        : select sitereview0_.description as col_0_0_ from sitereviews sitereview0_ where upper(sitereview0_.description) like upper(concat('%', ?, '%'))
2019-08-21 05:08:12.653 TRACE 15862 --- [nio-9000-exec-7] o.h.type.descriptor.sql.BasicBinder      : binding parameter [1] as [VARCHAR] - [y]
2019-08-21 05:08:15.292 DEBUG 15862 --- [nio-9000-exec-8] org.hibernate.SQL                        : select sitereview0_.description as col_0_0_ from sitereviews sitereview0_ where upper(sitereview0_.description) like upper(concat('%', ?, '%'))
2019-08-21 05:08:15.293 TRACE 15862 --- [nio-9000-exec-8] o.h.type.descriptor.sql.BasicBinder      : binding parameter [1] as [VARCHAR] - [vikram]
2019-08-21 05:08:20.259 DEBUG 15862 --- [io-9000-exec-10] org.hibernate.SQL                        : select sitereview0_.id as id1_5_, sitereview0_.created_by as created_2_5_, sitereview0_.date_created as date_cre3_5_, sitereview0_.last_updated as last_upd4_5_, sitereview0_.status as status5_5_, sitereview0_.uuid as uuid6_5_, sitereview0_.description as descript7_5_, sitereview0_.evaluation as evaluati8_5_, sitereview0_.read_status as read_sta9_5_, sitereview0_.review_status as review_10_5_, sitereview0_.score as score11_5_, sitereview0_.searchvector as searchv12_5_, sitereview0_.site_id as site_id16_5_, sitereview0_.status_code as status_13_5_, sitereview0_.strength as strengt14_5_, sitereview0_.topic_id as topic_i17_5_, sitereview0_.user_id as user_id18_5_, sitereview0_.weakness as weaknes15_5_ from sitereviews sitereview0_
2019-08-21 05:08:20.313 DEBUG 15862 --- [io-9000-exec-10] org.hibernate.SQL                        : select site0_.id as id1_8_0_, site0_.created_by as created_2_8_0_, site0_.date_created as date_cre3_8_0_, site0_.last_updated as last_upd4_8_0_, site0_.status as status5_8_0_, site0_.uuid as uuid6_8_0_, site0_.backup_rootsite_id as backup_11_8_0_, site0_.category_id as categor12_8_0_, site0_.image_name as image_na7_8_0_, site0_.image_path as image_pa8_8_0_, site0_.name as name9_8_0_, site0_.rootsite_id as rootsit13_8_0_, site0_.url as url10_8_0_ from sites site0_ where site0_.id=?
2019-08-21 05:08:20.314 TRACE 15862 --- [io-9000-exec-10] o.h.type.descriptor.sql.BasicBinder      : binding parameter [1] as [BIGINT] - [1]
2019-08-21 05:08:20.482  INFO 15862 --- [io-9000-exec-10] org.displaytag.export.ExportViewFactory  : Initializing ExportViewFactory with type={csv,excel,xml,pdf}
2019-08-21 05:08:20.492  INFO 15862 --- [io-9000-exec-10] o.displaytag.properties.TableProperties  : No LocaleResolver configured.
2019-08-21 06:01:05.754  INFO 15862 --- [       Thread-5] o.s.s.concurrent.ThreadPoolTaskExecutor  : Shutting down ExecutorService 'applicationTaskExecutor'
2019-08-21 06:01:05.764  INFO 15862 --- [       Thread-5] j.LocalContainerEntityManagerFactoryBean : Closing JPA EntityManagerFactory for persistence unit 'default'
2019-08-21 06:01:05.774  INFO 15862 --- [       Thread-5] com.zaxxer.hikari.HikariDataSource       : HikariPool-1 - Shutdown initiated...
2019-08-21 06:01:05.786  INFO 15862 --- [       Thread-5] com.zaxxer.hikari.HikariDataSource       : HikariPool-1 - Shutdown completed.

  .   ____          _            __ _ _
 /\\ / ___'_ __ _ _(_)_ __  __ _ \ \ \ \
( ( )\___ | '_ | '_| | '_ \/ _` | \ \ \ \
 \\/  ___)| |_)| | | | | || (_| |  ) ) ) )
  '  |____| .__|_| |_|_| |_\__, | / / / /
 =========|_|==============|___/=/_/_/_/
 :: Spring Boot ::        (v2.1.6.RELEASE)

2019-08-21 06:01:06.175  INFO 15862 --- [  restartedMain] com.qrata.QrataApplication               : Starting QrataApplication on ip-172-31-44-84 with PID 15862 (/opt/qrata/target/classes started by ubuntu in /opt/qrata)
2019-08-21 06:01:06.176  INFO 15862 --- [  restartedMain] com.qrata.QrataApplication               : No active profile set, falling back to default profiles: default
2019-08-21 06:01:06.704  INFO 15862 --- [  restartedMain] .s.d.r.c.RepositoryConfigurationDelegate : Bootstrapping Spring Data repositories in DEFAULT mode.
2019-08-21 06:01:06.775  INFO 15862 --- [  restartedMain] .s.d.r.c.RepositoryConfigurationDelegate : Finished Spring Data repository scanning in 64ms. Found 8 repository interfaces.
2019-08-21 06:01:06.951  INFO 15862 --- [  restartedMain] trationDelegate$BeanPostProcessorChecker : Bean 'org.springframework.transaction.annotation.ProxyTransactionManagementConfiguration' of type [org.springframework.transaction.annotation.ProxyTransactionManagementConfiguration$$EnhancerBySpringCGLIB$$599374f8] is not eligible for getting processed by all BeanPostProcessors (for example: not eligible for auto-proxying)
2019-08-21 06:01:07.142  INFO 15862 --- [  restartedMain] o.s.b.w.embedded.tomcat.TomcatWebServer  : Tomcat initialized with port(s): 9000 (http)
2019-08-21 06:01:07.156  INFO 15862 --- [  restartedMain] o.apache.catalina.core.StandardService   : Starting service [Tomcat]
2019-08-21 06:01:07.157  INFO 15862 --- [  restartedMain] org.apache.catalina.core.StandardEngine  : Starting Servlet engine: [Apache Tomcat/9.0.21]
2019-08-21 06:01:07.379  INFO 15862 --- [  restartedMain] org.apache.jasper.servlet.TldScanner     : At least one JAR was scanned for TLDs yet contained no TLDs. Enable debug logging for this logger for a complete list of JARs that were scanned but no TLDs were found in them. Skipping unneeded JARs during scanning can improve startup time and JSP compilation time.
2019-08-21 06:01:07.389  INFO 15862 --- [  restartedMain] o.a.c.c.C.[Tomcat].[localhost].[/]       : Initializing Spring embedded WebApplicationContext
2019-08-21 06:01:07.389  INFO 15862 --- [  restartedMain] o.s.web.context.ContextLoader            : Root WebApplicationContext: initialization completed in 1201 ms
2019-08-21 06:01:07.573  INFO 15862 --- [  restartedMain] com.zaxxer.hikari.HikariDataSource       : HikariPool-2 - Starting...
2019-08-21 06:01:07.591  INFO 15862 --- [  restartedMain] com.zaxxer.hikari.HikariDataSource       : HikariPool-2 - Start completed.
2019-08-21 06:01:07.607  INFO 15862 --- [  restartedMain] o.hibernate.jpa.internal.util.LogHelper  : HHH000204: Processing PersistenceUnitInfo [
	name: default
	...]
2019-08-21 06:01:07.637  INFO 15862 --- [  restartedMain] org.hibernate.dialect.Dialect            : HHH000400: Using dialect: org.hibernate.dialect.MySQL5Dialect
2019-08-21 06:01:08.579 DEBUG 15862 --- [  restartedMain] org.hibernate.SQL                        : alter table categories add constraint FKsaok720gsu4u2wrgbk10b5n8d foreign key (parent_id) references categories (id)
2019-08-21 06:01:08.586 DEBUG 15862 --- [  restartedMain] org.hibernate.SQL                        : alter table ratingcriteria add constraint FKo2lt6r0xunccncu4vv19606a2 foreign key (parent_id) references ratingcriteria (id)
2019-08-21 06:01:08.596 DEBUG 15862 --- [  restartedMain] org.hibernate.SQL                        : alter table related_topics add constraint FKdro07uteaelr0h6wk32bjtft3 foreign key (relatedtopic_id) references topics (id)
2019-08-21 06:01:08.606 DEBUG 15862 --- [  restartedMain] org.hibernate.SQL                        : alter table related_topics add constraint FK6wxnncc8l4bbsgcb02yyah3u7 foreign key (topic_id) references topics (id)
2019-08-21 06:01:08.617 DEBUG 15862 --- [  restartedMain] org.hibernate.SQL                        : alter table sitereview_comments add constraint FKl84pyctxshytvtapgmfrd1gvl foreign key (commented_by) references user (id)
2019-08-21 06:01:08.628 DEBUG 15862 --- [  restartedMain] org.hibernate.SQL                        : alter table sitereview_comments add constraint FK6qcckpxuxg6n18lykmuo9f5v9 foreign key (sitereview_id) references sitereviews (id)
2019-08-21 06:01:08.639 DEBUG 15862 --- [  restartedMain] org.hibernate.SQL                        : alter table sitereviews add constraint FKby0vo1kxg3je8xjidab4v0fs2 foreign key (site_id) references sites (id)
2019-08-21 06:01:08.653 DEBUG 15862 --- [  restartedMain] org.hibernate.SQL                        : alter table sitereviews add constraint FKneu0tvqjkrqsd4ekd2huthpxv foreign key (topic_id) references topics (id)
2019-08-21 06:01:08.659 DEBUG 15862 --- [  restartedMain] org.hibernate.SQL                        : alter table sitereviews add constraint FKqun7qpqpi0lgl9etg5bh4w8pa foreign key (user_id) references user (id)
2019-08-21 06:01:08.673 DEBUG 15862 --- [  restartedMain] org.hibernate.SQL                        : alter table sitereviews_ratingcriteria add constraint FKpg0dwboa4t13gjuciyklq9lm0 foreign key (ratingcriteria_id) references ratingcriteria (id)
2019-08-21 06:01:08.682 DEBUG 15862 --- [  restartedMain] org.hibernate.SQL                        : alter table sitereviews_ratingcriteria add constraint FK67qd80l4ixd9a0k0sw7dqlsvu foreign key (sitereview_id) references sitereviews (id)
2019-08-21 06:01:08.693 DEBUG 15862 --- [  restartedMain] org.hibernate.SQL                        : alter table sitereviews_ratingcriteria add constraint FKa5wpq540t4i5m0jw3he8hi063 foreign key (site_id) references sites (id)
2019-08-21 06:01:08.705 DEBUG 15862 --- [  restartedMain] org.hibernate.SQL                        : alter table sitereviews_ratingcriteria add constraint FKhuomrirmcgcyw8pc7nxardsct foreign key (topic_id) references topics (id)
2019-08-21 06:01:08.715 DEBUG 15862 --- [  restartedMain] org.hibernate.SQL                        : alter table sitereviews_ratingcriteria_voting add constraint FKb685iinx0os7oarwrmki29eu1 foreign key (sitereviewrating_id) references sitereviews_ratingcriteria (id)
2019-08-21 06:01:08.725 DEBUG 15862 --- [  restartedMain] org.hibernate.SQL                        : alter table sites add constraint FKs7i8unjoco05k4a9j6ev94f43 foreign key (backup_rootsite_id) references sites (id)
2019-08-21 06:01:08.735 DEBUG 15862 --- [  restartedMain] org.hibernate.SQL                        : alter table sites add constraint FKbg8dqb3iy3y0fs72hr3xlu8m2 foreign key (category_id) references categories (id)
2019-08-21 06:01:08.746 DEBUG 15862 --- [  restartedMain] org.hibernate.SQL                        : alter table sites add constraint FKm7jtou775sv064trqhbm5fg2d foreign key (rootsite_id) references sites (id)
2019-08-21 06:01:08.757 DEBUG 15862 --- [  restartedMain] org.hibernate.SQL                        : alter table topic_expert_assignment add constraint FKe9ua2x1l26eakim80vcbyn8ub foreign key (assigned_by_userid) references user (id)
2019-08-21 06:01:08.767 DEBUG 15862 --- [  restartedMain] org.hibernate.SQL                        : alter table topic_expert_assignment add constraint FK875rdhs5u9w2elrvxgtwndgw foreign key (expert_id) references user (id)
2019-08-21 06:01:08.777 DEBUG 15862 --- [  restartedMain] org.hibernate.SQL                        : alter table topic_expert_assignment add constraint FKdoi0rp37htfheejn6hdkcxurj foreign key (topic_id) references topics (id)
2019-08-21 06:01:08.789 DEBUG 15862 --- [  restartedMain] org.hibernate.SQL                        : alter table topics add constraint FK3mind1ka66asw07vi2t2gxalm foreign key (category_id) references categories (id)
2019-08-21 06:01:08.799 DEBUG 15862 --- [  restartedMain] org.hibernate.SQL                        : alter table topics add constraint FKpd5mo30erv4abuyhk94iatmcx foreign key (parent_topic_id) references topics (id)
2019-08-21 06:01:08.810 DEBUG 15862 --- [  restartedMain] org.hibernate.SQL                        : alter table topics_ratingcriteria add constraint FK1kpt5yitpwan2ar2le8txb2yd foreign key (ratingcriteria_id) references ratingcriteria (id)
2019-08-21 06:01:08.820 DEBUG 15862 --- [  restartedMain] org.hibernate.SQL                        : alter table topics_ratingcriteria add constraint FKcjcke05o5ht0i9mggn7q6gg07 foreign key (topic_id) references topics (id)
2019-08-21 06:01:08.831 DEBUG 15862 --- [  restartedMain] org.hibernate.SQL                        : alter table userinfo add constraint FKjd1oomh3nusy0svs6x6u3hfmf foreign key (user_id) references user (id)
2019-08-21 06:01:08.842 DEBUG 15862 --- [  restartedMain] org.hibernate.SQL                        : alter table topics_sites add constraint FK8idg2stl1xo6ywpfcih99w6r4 foreign key (topic_id) references topics (id)
2019-08-21 06:01:08.853 DEBUG 15862 --- [  restartedMain] org.hibernate.SQL                        : alter table topics_sites add constraint FKt09s74g0vvx95c4v6bmi78hf3 foreign key (site_id) references sites (id)
2019-08-21 06:01:08.866 DEBUG 15862 --- [  restartedMain] org.hibernate.SQL                        : alter table users_roles add constraint FKj6m8fwv7oqv74fcehir1a9ffy foreign key (role_id) references roles (id)
2019-08-21 06:01:08.874 DEBUG 15862 --- [  restartedMain] org.hibernate.SQL                        : alter table users_roles add constraint FKgd3iendaoyh04b95ykqise6qh foreign key (user_id) references user (id)
2019-08-21 06:01:08.885  INFO 15862 --- [  restartedMain] j.LocalContainerEntityManagerFactoryBean : Initialized JPA EntityManagerFactory for persistence unit 'default'
2019-08-21 06:01:08.899  INFO 15862 --- [  restartedMain] o.s.b.d.a.OptionalLiveReloadServer       : LiveReload server is running on port 35729
2019-08-21 06:01:09.137  INFO 15862 --- [  restartedMain] o.h.h.i.QueryTranslatorFactoryInitiator  : HHH000397: Using ASTQueryTranslatorFactory
2019-08-21 06:01:09.570  INFO 15862 --- [  restartedMain] o.s.s.concurrent.ThreadPoolTaskExecutor  : Initializing ExecutorService 'applicationTaskExecutor'
2019-08-21 06:01:09.585  WARN 15862 --- [  restartedMain] aWebConfiguration$JpaWebMvcConfiguration : spring.jpa.open-in-view is enabled by default. Therefore, database queries may be performed during view rendering. Explicitly configure spring.jpa.open-in-view to disable this warning
2019-08-21 06:01:09.876  INFO 15862 --- [  restartedMain] o.s.b.w.embedded.tomcat.TomcatWebServer  : Tomcat started on port(s): 9000 (http) with context path ''
2019-08-21 06:01:09.877  INFO 15862 --- [  restartedMain] com.qrata.QrataApplication               : Started QrataApplication in 3.754 seconds (JVM running for 3731.126)
2019-08-21 06:01:09.881  INFO 15862 --- [  restartedMain] .ConditionEvaluationDeltaLoggingListener : Condition evaluation unchanged
2019-08-21 06:01:12.703  INFO 15862 --- [nio-9000-exec-1] o.a.c.c.C.[Tomcat].[localhost].[/]       : Initializing Spring DispatcherServlet 'dispatcherServlet'
2019-08-21 06:01:12.704  INFO 15862 --- [nio-9000-exec-1] o.s.web.servlet.DispatcherServlet        : Initializing Servlet 'dispatcherServlet'
2019-08-21 06:01:12.715  INFO 15862 --- [nio-9000-exec-1] o.s.web.servlet.DispatcherServlet        : Completed initialization in 11 ms
2019-08-21 06:54:47.840 DEBUG 15862 --- [io-9000-exec-10] org.hibernate.SQL                        : select sitereview0_.description as col_0_0_ from sitereviews sitereview0_ where upper(sitereview0_.description) like upper(concat('%', ?, '%'))
2019-08-21 06:54:47.842 TRACE 15862 --- [io-9000-exec-10] o.h.type.descriptor.sql.BasicBinder      : binding parameter [1] as [VARCHAR] - [diabe]
2019-08-21 06:54:48.639 DEBUG 15862 --- [nio-9000-exec-4] org.hibernate.SQL                        : select sitereview0_.description as col_0_0_ from sitereviews sitereview0_ where upper(sitereview0_.description) like upper(concat('%', ?, '%'))
2019-08-21 06:54:48.640 TRACE 15862 --- [nio-9000-exec-4] o.h.type.descriptor.sql.BasicBinder      : binding parameter [1] as [VARCHAR] - [diabetes]
2019-08-21 06:54:49.859 DEBUG 15862 --- [nio-9000-exec-1] org.hibernate.SQL                        : select sitereview0_.id as id1_5_, sitereview0_.created_by as created_2_5_, sitereview0_.date_created as date_cre3_5_, sitereview0_.last_updated as last_upd4_5_, sitereview0_.status as status5_5_, sitereview0_.uuid as uuid6_5_, sitereview0_.description as descript7_5_, sitereview0_.evaluation as evaluati8_5_, sitereview0_.read_status as read_sta9_5_, sitereview0_.review_status as review_10_5_, sitereview0_.score as score11_5_, sitereview0_.searchvector as searchv12_5_, sitereview0_.site_id as site_id16_5_, sitereview0_.status_code as status_13_5_, sitereview0_.strength as strengt14_5_, sitereview0_.topic_id as topic_i17_5_, sitereview0_.user_id as user_id18_5_, sitereview0_.weakness as weaknes15_5_ from sitereviews sitereview0_
2019-08-21 06:54:49.875 DEBUG 15862 --- [nio-9000-exec-1] org.hibernate.SQL                        : select site0_.id as id1_8_0_, site0_.created_by as created_2_8_0_, site0_.date_created as date_cre3_8_0_, site0_.last_updated as last_upd4_8_0_, site0_.status as status5_8_0_, site0_.uuid as uuid6_8_0_, site0_.backup_rootsite_id as backup_11_8_0_, site0_.category_id as categor12_8_0_, site0_.image_name as image_na7_8_0_, site0_.image_path as image_pa8_8_0_, site0_.name as name9_8_0_, site0_.rootsite_id as rootsit13_8_0_, site0_.url as url10_8_0_ from sites site0_ where site0_.id=?
2019-08-21 06:54:49.875 TRACE 15862 --- [nio-9000-exec-1] o.h.type.descriptor.sql.BasicBinder      : binding parameter [1] as [BIGINT] - [1]
2019-08-21 07:39:33.464 DEBUG 15862 --- [nio-9000-exec-5] org.hibernate.SQL                        : select sitereview0_.description as col_0_0_ from sitereviews sitereview0_ where upper(sitereview0_.description) like upper(concat('%', ?, '%'))
2019-08-21 07:39:33.465 TRACE 15862 --- [nio-9000-exec-5] o.h.type.descriptor.sql.BasicBinder      : binding parameter [1] as [VARCHAR] - [ghjgg]
2019-08-21 07:39:37.443 DEBUG 15862 --- [nio-9000-exec-2] org.hibernate.SQL                        : select sitereview0_.id as id1_5_, sitereview0_.created_by as created_2_5_, sitereview0_.date_created as date_cre3_5_, sitereview0_.last_updated as last_upd4_5_, sitereview0_.status as status5_5_, sitereview0_.uuid as uuid6_5_, sitereview0_.description as descript7_5_, sitereview0_.evaluation as evaluati8_5_, sitereview0_.read_status as read_sta9_5_, sitereview0_.review_status as review_10_5_, sitereview0_.score as score11_5_, sitereview0_.searchvector as searchv12_5_, sitereview0_.site_id as site_id16_5_, sitereview0_.status_code as status_13_5_, sitereview0_.strength as strengt14_5_, sitereview0_.topic_id as topic_i17_5_, sitereview0_.user_id as user_id18_5_, sitereview0_.weakness as weaknes15_5_ from sitereviews sitereview0_
2019-08-21 07:39:37.458 DEBUG 15862 --- [nio-9000-exec-2] org.hibernate.SQL                        : select site0_.id as id1_8_0_, site0_.created_by as created_2_8_0_, site0_.date_created as date_cre3_8_0_, site0_.last_updated as last_upd4_8_0_, site0_.status as status5_8_0_, site0_.uuid as uuid6_8_0_, site0_.backup_rootsite_id as backup_11_8_0_, site0_.category_id as categor12_8_0_, site0_.image_name as image_na7_8_0_, site0_.image_path as image_pa8_8_0_, site0_.name as name9_8_0_, site0_.rootsite_id as rootsit13_8_0_, site0_.url as url10_8_0_ from sites site0_ where site0_.id=?
2019-08-21 07:39:37.459 TRACE 15862 --- [nio-9000-exec-2] o.h.type.descriptor.sql.BasicBinder      : binding parameter [1] as [BIGINT] - [1]
2019-08-21 07:39:44.198 DEBUG 15862 --- [nio-9000-exec-8] org.hibernate.SQL                        : select sitereview0_.id as id1_5_0_, sitereview0_.created_by as created_2_5_0_, sitereview0_.date_created as date_cre3_5_0_, sitereview0_.last_updated as last_upd4_5_0_, sitereview0_.status as status5_5_0_, sitereview0_.uuid as uuid6_5_0_, sitereview0_.description as descript7_5_0_, sitereview0_.evaluation as evaluati8_5_0_, sitereview0_.read_status as read_sta9_5_0_, sitereview0_.review_status as review_10_5_0_, sitereview0_.score as score11_5_0_, sitereview0_.searchvector as searchv12_5_0_, sitereview0_.site_id as site_id16_5_0_, sitereview0_.status_code as status_13_5_0_, sitereview0_.strength as strengt14_5_0_, sitereview0_.topic_id as topic_i17_5_0_, sitereview0_.user_id as user_id18_5_0_, sitereview0_.weakness as weaknes15_5_0_ from sitereviews sitereview0_ where sitereview0_.id=?
2019-08-21 07:39:44.199 TRACE 15862 --- [nio-9000-exec-8] o.h.type.descriptor.sql.BasicBinder      : binding parameter [1] as [BIGINT] - [2]
2019-08-21 07:39:44.201 DEBUG 15862 --- [nio-9000-exec-8] org.hibernate.SQL                        : select site0_.id as id1_8_0_, site0_.created_by as created_2_8_0_, site0_.date_created as date_cre3_8_0_, site0_.last_updated as last_upd4_8_0_, site0_.status as status5_8_0_, site0_.uuid as uuid6_8_0_, site0_.backup_rootsite_id as backup_11_8_0_, site0_.category_id as categor12_8_0_, site0_.image_name as image_na7_8_0_, site0_.image_path as image_pa8_8_0_, site0_.name as name9_8_0_, site0_.rootsite_id as rootsit13_8_0_, site0_.url as url10_8_0_ from sites site0_ where site0_.id=?
2019-08-21 07:39:44.201 TRACE 15862 --- [nio-9000-exec-8] o.h.type.descriptor.sql.BasicBinder      : binding parameter [1] as [BIGINT] - [1]
2019-08-21 07:39:44.202 DEBUG 15862 --- [nio-9000-exec-8] org.hibernate.SQL                        : select topic0_.id as id1_10_0_, topic0_.created_by as created_2_10_0_, topic0_.date_created as date_cre3_10_0_, topic0_.last_updated as last_upd4_10_0_, topic0_.status as status5_10_0_, topic0_.uuid as uuid6_10_0_, topic0_.category_id as categor10_10_0_, topic0_.leaf_node as leaf_nod7_10_0_, topic0_.name as name8_10_0_, topic0_.parent_topic_id as parent_11_10_0_, topic0_.topic_type as topic_ty9_10_0_ from topics topic0_ where topic0_.id=?
2019-08-21 07:39:44.209 TRACE 15862 --- [nio-9000-exec-8] o.h.type.descriptor.sql.BasicBinder      : binding parameter [1] as [INTEGER] - [3]
2019-08-21 07:39:44.212 DEBUG 15862 --- [nio-9000-exec-8] org.hibernate.SQL                        : select topicexper0_.id as id1_9_0_, topicexper0_.created_by as created_2_9_0_, topicexper0_.date_created as date_cre3_9_0_, topicexper0_.last_updated as last_upd4_9_0_, topicexper0_.status as status5_9_0_, topicexper0_.uuid as uuid6_9_0_, topicexper0_.assigned_by_userid as assigned7_9_0_, topicexper0_.expert_id as expert_i8_9_0_, topicexper0_.topic_id as topic_id9_9_0_ from topic_expert_assignment topicexper0_ where topicexper0_.topic_id=?
2019-08-21 07:39:44.213 TRACE 15862 --- [nio-9000-exec-8] o.h.type.descriptor.sql.BasicBinder      : binding parameter [1] as [INTEGER] - [3]
2019-08-21 18:59:37.041  INFO 15862 --- [nio-9000-exec-1] o.apache.coyote.http11.Http11Processor   : Error parsing HTTP request header
 Note: further occurrences of HTTP request parsing errors will be logged at DEBUG level.

java.lang.IllegalArgumentException: Invalid character found in method name. HTTP method names must be tokens
	at org.apache.coyote.http11.Http11InputBuffer.parseRequestLine(Http11InputBuffer.java:415) ~[tomcat-embed-core-9.0.21.jar:9.0.21]
	at org.apache.coyote.http11.Http11Processor.service(Http11Processor.java:294) ~[tomcat-embed-core-9.0.21.jar:9.0.21]
	at org.apache.coyote.AbstractProcessorLight.process(AbstractProcessorLight.java:66) [tomcat-embed-core-9.0.21.jar:9.0.21]
	at org.apache.coyote.AbstractProtocol$ConnectionHandler.process(AbstractProtocol.java:853) [tomcat-embed-core-9.0.21.jar:9.0.21]
	at org.apache.tomcat.util.net.NioEndpoint$SocketProcessor.doRun(NioEndpoint.java:1587) [tomcat-embed-core-9.0.21.jar:9.0.21]
	at org.apache.tomcat.util.net.SocketProcessorBase.run(SocketProcessorBase.java:49) [tomcat-embed-core-9.0.21.jar:9.0.21]
	at java.util.concurrent.ThreadPoolExecutor.runWorker(ThreadPoolExecutor.java:1149) [na:1.8.0_221]
	at java.util.concurrent.ThreadPoolExecutor$Worker.run(ThreadPoolExecutor.java:624) [na:1.8.0_221]
	at org.apache.tomcat.util.threads.TaskThread$WrappingRunnable.run(TaskThread.java:61) [tomcat-embed-core-9.0.21.jar:9.0.21]
	at java.lang.Thread.run(Thread.java:748) [na:1.8.0_221]

2019-08-21 21:29:55.110 DEBUG 15862 --- [nio-9000-exec-5] org.hibernate.SQL                        : select sitereview0_.description as col_0_0_ from sitereviews sitereview0_ where upper(sitereview0_.description) like upper(concat('%', ?, '%'))
2019-08-21 21:29:55.111 TRACE 15862 --- [nio-9000-exec-5] o.h.type.descriptor.sql.BasicBinder      : binding parameter [1] as [VARCHAR] - [D]
2019-08-21 21:29:55.496 DEBUG 15862 --- [nio-9000-exec-3] org.hibernate.SQL                        : select sitereview0_.description as col_0_0_ from sitereviews sitereview0_ where upper(sitereview0_.description) like upper(concat('%', ?, '%'))
2019-08-21 21:29:55.497 TRACE 15862 --- [nio-9000-exec-3] o.h.type.descriptor.sql.BasicBinder      : binding parameter [1] as [VARCHAR] - [Di]
2019-08-21 21:29:55.860 DEBUG 15862 --- [io-9000-exec-10] org.hibernate.SQL                        : select sitereview0_.description as col_0_0_ from sitereviews sitereview0_ where upper(sitereview0_.description) like upper(concat('%', ?, '%'))
2019-08-21 21:29:55.860 TRACE 15862 --- [io-9000-exec-10] o.h.type.descriptor.sql.BasicBinder      : binding parameter [1] as [VARCHAR] - [Dia]
2019-08-21 21:29:57.011 DEBUG 15862 --- [nio-9000-exec-1] org.hibernate.SQL                        : select sitereview0_.description as col_0_0_ from sitereviews sitereview0_ where upper(sitereview0_.description) like upper(concat('%', ?, '%'))
2019-08-21 21:29:57.012 TRACE 15862 --- [nio-9000-exec-1] o.h.type.descriptor.sql.BasicBinder      : binding parameter [1] as [VARCHAR] - [Diab]
2019-08-21 21:29:58.053 DEBUG 15862 --- [nio-9000-exec-2] org.hibernate.SQL                        : select sitereview0_.description as col_0_0_ from sitereviews sitereview0_ where upper(sitereview0_.description) like upper(concat('%', ?, '%'))
2019-08-21 21:29:58.054 TRACE 15862 --- [nio-9000-exec-2] o.h.type.descriptor.sql.BasicBinder      : binding parameter [1] as [VARCHAR] - [Diabetes]
2019-08-21 21:29:58.540 DEBUG 15862 --- [nio-9000-exec-8] org.hibernate.SQL                        : select sitereview0_.id as id1_5_, sitereview0_.created_by as created_2_5_, sitereview0_.date_created as date_cre3_5_, sitereview0_.last_updated as last_upd4_5_, sitereview0_.status as status5_5_, sitereview0_.uuid as uuid6_5_, sitereview0_.description as descript7_5_, sitereview0_.evaluation as evaluati8_5_, sitereview0_.read_status as read_sta9_5_, sitereview0_.review_status as review_10_5_, sitereview0_.score as score11_5_, sitereview0_.searchvector as searchv12_5_, sitereview0_.site_id as site_id16_5_, sitereview0_.status_code as status_13_5_, sitereview0_.strength as strengt14_5_, sitereview0_.topic_id as topic_i17_5_, sitereview0_.user_id as user_id18_5_, sitereview0_.weakness as weaknes15_5_ from sitereviews sitereview0_
2019-08-21 21:29:58.545 DEBUG 15862 --- [nio-9000-exec-8] org.hibernate.SQL                        : select site0_.id as id1_8_0_, site0_.created_by as created_2_8_0_, site0_.date_created as date_cre3_8_0_, site0_.last_updated as last_upd4_8_0_, site0_.status as status5_8_0_, site0_.uuid as uuid6_8_0_, site0_.backup_rootsite_id as backup_11_8_0_, site0_.category_id as categor12_8_0_, site0_.image_name as image_na7_8_0_, site0_.image_path as image_pa8_8_0_, site0_.name as name9_8_0_, site0_.rootsite_id as rootsit13_8_0_, site0_.url as url10_8_0_ from sites site0_ where site0_.id=?
2019-08-21 21:29:58.545 TRACE 15862 --- [nio-9000-exec-8] o.h.type.descriptor.sql.BasicBinder      : binding parameter [1] as [BIGINT] - [1]
2019-08-21 23:54:09.293 DEBUG 15862 --- [io-9000-exec-10] org.hibernate.SQL                        : select sitereview0_.description as col_0_0_ from sitereviews sitereview0_ where upper(sitereview0_.description) like upper(concat('%', ?, '%'))
2019-08-21 23:54:09.294 TRACE 15862 --- [io-9000-exec-10] o.h.type.descriptor.sql.BasicBinder      : binding parameter [1] as [VARCHAR] - [arthri]
2019-08-21 23:54:09.926 DEBUG 15862 --- [nio-9000-exec-1] org.hibernate.SQL                        : select sitereview0_.description as col_0_0_ from sitereviews sitereview0_ where upper(sitereview0_.description) like upper(concat('%', ?, '%'))
2019-08-21 23:54:09.927 TRACE 15862 --- [nio-9000-exec-1] o.h.type.descriptor.sql.BasicBinder      : binding parameter [1] as [VARCHAR] - [arthritis]
2019-08-21 23:54:10.105 DEBUG 15862 --- [nio-9000-exec-8] org.hibernate.SQL                        : select sitereview0_.id as id1_5_, sitereview0_.created_by as created_2_5_, sitereview0_.date_created as date_cre3_5_, sitereview0_.last_updated as last_upd4_5_, sitereview0_.status as status5_5_, sitereview0_.uuid as uuid6_5_, sitereview0_.description as descript7_5_, sitereview0_.evaluation as evaluati8_5_, sitereview0_.read_status as read_sta9_5_, sitereview0_.review_status as review_10_5_, sitereview0_.score as score11_5_, sitereview0_.searchvector as searchv12_5_, sitereview0_.site_id as site_id16_5_, sitereview0_.status_code as status_13_5_, sitereview0_.strength as strengt14_5_, sitereview0_.topic_id as topic_i17_5_, sitereview0_.user_id as user_id18_5_, sitereview0_.weakness as weaknes15_5_ from sitereviews sitereview0_
2019-08-21 23:54:10.108 DEBUG 15862 --- [nio-9000-exec-8] org.hibernate.SQL                        : select site0_.id as id1_8_0_, site0_.created_by as created_2_8_0_, site0_.date_created as date_cre3_8_0_, site0_.last_updated as last_upd4_8_0_, site0_.status as status5_8_0_, site0_.uuid as uuid6_8_0_, site0_.backup_rootsite_id as backup_11_8_0_, site0_.category_id as categor12_8_0_, site0_.image_name as image_na7_8_0_, site0_.image_path as image_pa8_8_0_, site0_.name as name9_8_0_, site0_.rootsite_id as rootsit13_8_0_, site0_.url as url10_8_0_ from sites site0_ where site0_.id=?
2019-08-21 23:54:10.108 TRACE 15862 --- [nio-9000-exec-8] o.h.type.descriptor.sql.BasicBinder      : binding parameter [1] as [BIGINT] - [1]
2019-08-22 13:56:04.658  INFO 15862 --- [nio-9000-exec-7] o.apache.coyote.http11.Http11Processor   : Error parsing HTTP request header
 Note: further occurrences of HTTP request parsing errors will be logged at DEBUG level.

java.lang.IllegalArgumentException: Invalid character found in method name. HTTP method names must be tokens
	at org.apache.coyote.http11.Http11InputBuffer.parseRequestLine(Http11InputBuffer.java:415) ~[tomcat-embed-core-9.0.21.jar:9.0.21]
	at org.apache.coyote.http11.Http11Processor.service(Http11Processor.java:294) ~[tomcat-embed-core-9.0.21.jar:9.0.21]
	at org.apache.coyote.AbstractProcessorLight.process(AbstractProcessorLight.java:66) [tomcat-embed-core-9.0.21.jar:9.0.21]
	at org.apache.coyote.AbstractProtocol$ConnectionHandler.process(AbstractProtocol.java:853) [tomcat-embed-core-9.0.21.jar:9.0.21]
	at org.apache.tomcat.util.net.NioEndpoint$SocketProcessor.doRun(NioEndpoint.java:1587) [tomcat-embed-core-9.0.21.jar:9.0.21]
	at org.apache.tomcat.util.net.SocketProcessorBase.run(SocketProcessorBase.java:49) [tomcat-embed-core-9.0.21.jar:9.0.21]
	at java.util.concurrent.ThreadPoolExecutor.runWorker(ThreadPoolExecutor.java:1149) [na:1.8.0_221]
	at java.util.concurrent.ThreadPoolExecutor$Worker.run(ThreadPoolExecutor.java:624) [na:1.8.0_221]
	at org.apache.tomcat.util.threads.TaskThread$WrappingRunnable.run(TaskThread.java:61) [tomcat-embed-core-9.0.21.jar:9.0.21]
	at java.lang.Thread.run(Thread.java:748) [na:1.8.0_221]

2019-08-26 08:19:37.047  INFO 15862 --- [nio-9000-exec-4] o.apache.coyote.http11.Http11Processor   : Error parsing HTTP request header
 Note: further occurrences of HTTP request parsing errors will be logged at DEBUG level.

java.lang.IllegalArgumentException: Invalid character found in method name. HTTP method names must be tokens
	at org.apache.coyote.http11.Http11InputBuffer.parseRequestLine(Http11InputBuffer.java:415) ~[tomcat-embed-core-9.0.21.jar:9.0.21]
	at org.apache.coyote.http11.Http11Processor.service(Http11Processor.java:294) ~[tomcat-embed-core-9.0.21.jar:9.0.21]
	at org.apache.coyote.AbstractProcessorLight.process(AbstractProcessorLight.java:66) [tomcat-embed-core-9.0.21.jar:9.0.21]
	at org.apache.coyote.AbstractProtocol$ConnectionHandler.process(AbstractProtocol.java:853) [tomcat-embed-core-9.0.21.jar:9.0.21]
	at org.apache.tomcat.util.net.NioEndpoint$SocketProcessor.doRun(NioEndpoint.java:1587) [tomcat-embed-core-9.0.21.jar:9.0.21]
	at org.apache.tomcat.util.net.SocketProcessorBase.run(SocketProcessorBase.java:49) [tomcat-embed-core-9.0.21.jar:9.0.21]
	at java.util.concurrent.ThreadPoolExecutor.runWorker(ThreadPoolExecutor.java:1149) [na:1.8.0_221]
	at java.util.concurrent.ThreadPoolExecutor$Worker.run(ThreadPoolExecutor.java:624) [na:1.8.0_221]
	at org.apache.tomcat.util.threads.TaskThread$WrappingRunnable.run(TaskThread.java:61) [tomcat-embed-core-9.0.21.jar:9.0.21]
	at java.lang.Thread.run(Thread.java:748) [na:1.8.0_221]

2019-08-29 08:26:21.155  INFO 15862 --- [nio-9000-exec-8] o.apache.coyote.http11.Http11Processor   : Error parsing HTTP request header
 Note: further occurrences of HTTP request parsing errors will be logged at DEBUG level.

java.lang.IllegalArgumentException: Invalid character found in method name. HTTP method names must be tokens
	at org.apache.coyote.http11.Http11InputBuffer.parseRequestLine(Http11InputBuffer.java:415) ~[tomcat-embed-core-9.0.21.jar:9.0.21]
	at org.apache.coyote.http11.Http11Processor.service(Http11Processor.java:294) ~[tomcat-embed-core-9.0.21.jar:9.0.21]
	at org.apache.coyote.AbstractProcessorLight.process(AbstractProcessorLight.java:66) [tomcat-embed-core-9.0.21.jar:9.0.21]
	at org.apache.coyote.AbstractProtocol$ConnectionHandler.process(AbstractProtocol.java:853) [tomcat-embed-core-9.0.21.jar:9.0.21]
	at org.apache.tomcat.util.net.NioEndpoint$SocketProcessor.doRun(NioEndpoint.java:1587) [tomcat-embed-core-9.0.21.jar:9.0.21]
	at org.apache.tomcat.util.net.SocketProcessorBase.run(SocketProcessorBase.java:49) [tomcat-embed-core-9.0.21.jar:9.0.21]
	at java.util.concurrent.ThreadPoolExecutor.runWorker(ThreadPoolExecutor.java:1149) [na:1.8.0_221]
	at java.util.concurrent.ThreadPoolExecutor$Worker.run(ThreadPoolExecutor.java:624) [na:1.8.0_221]
	at org.apache.tomcat.util.threads.TaskThread$WrappingRunnable.run(TaskThread.java:61) [tomcat-embed-core-9.0.21.jar:9.0.21]
	at java.lang.Thread.run(Thread.java:748) [na:1.8.0_221]

2019-08-31 08:25:01.224  INFO 15862 --- [nio-9000-exec-5] o.apache.coyote.http11.Http11Processor   : Error parsing HTTP request header
 Note: further occurrences of HTTP request parsing errors will be logged at DEBUG level.

java.lang.IllegalArgumentException: Invalid character found in method name. HTTP method names must be tokens
	at org.apache.coyote.http11.Http11InputBuffer.parseRequestLine(Http11InputBuffer.java:415) ~[tomcat-embed-core-9.0.21.jar:9.0.21]
	at org.apache.coyote.http11.Http11Processor.service(Http11Processor.java:294) ~[tomcat-embed-core-9.0.21.jar:9.0.21]
	at org.apache.coyote.AbstractProcessorLight.process(AbstractProcessorLight.java:66) [tomcat-embed-core-9.0.21.jar:9.0.21]
	at org.apache.coyote.AbstractProtocol$ConnectionHandler.process(AbstractProtocol.java:853) [tomcat-embed-core-9.0.21.jar:9.0.21]
	at org.apache.tomcat.util.net.NioEndpoint$SocketProcessor.doRun(NioEndpoint.java:1587) [tomcat-embed-core-9.0.21.jar:9.0.21]
	at org.apache.tomcat.util.net.SocketProcessorBase.run(SocketProcessorBase.java:49) [tomcat-embed-core-9.0.21.jar:9.0.21]
	at java.util.concurrent.ThreadPoolExecutor.runWorker(ThreadPoolExecutor.java:1149) [na:1.8.0_221]
	at java.util.concurrent.ThreadPoolExecutor$Worker.run(ThreadPoolExecutor.java:624) [na:1.8.0_221]
	at org.apache.tomcat.util.threads.TaskThread$WrappingRunnable.run(TaskThread.java:61) [tomcat-embed-core-9.0.21.jar:9.0.21]
	at java.lang.Thread.run(Thread.java:748) [na:1.8.0_221]

2019-09-01 20:00:25.940 DEBUG 15862 --- [nio-9000-exec-7] org.hibernate.SQL                        : SELECT u.id as uid,u.username,uf.firstname,uf.lastname,uf.email,uf.bio,uf.image_name FROM user u INNER JOIN userinfo uf ON u.id = uf.user_id INNER JOIN  user_roles r ON u.id = r.users_id  WHERE u.status =1 AND r.roles_id =1 AND (uf.firstname like '%A%' or uf.lastname like '%A%' or uf.email like '%A%' or u.username like '%A%')
2019-09-01 20:00:25.950 DEBUG 15862 --- [nio-9000-exec-7] org.hibernate.SQL                        : select count(sitereview0_.id) as col_0_0_ from sitereviews sitereview0_ cross join sites site1_ where sitereview0_.site_id=site1_.id and sitereview0_.status=? and sitereview0_.review_status=? and sitereview0_.user_id=? and (site1_.backup_rootsite_id is null)
2019-09-01 20:00:25.950 TRACE 15862 --- [nio-9000-exec-7] o.h.type.descriptor.sql.BasicBinder      : binding parameter [1] as [SMALLINT] - [1]
2019-09-01 20:00:25.951 TRACE 15862 --- [nio-9000-exec-7] o.h.type.descriptor.sql.BasicBinder      : binding parameter [2] as [SMALLINT] - [1]
2019-09-01 20:00:25.952 TRACE 15862 --- [nio-9000-exec-7] o.h.type.descriptor.sql.BasicBinder      : binding parameter [3] as [BIGINT] - [1]
2019-09-01 20:00:25.956 DEBUG 15862 --- [nio-9000-exec-7] org.hibernate.SQL                        : select count(sitereview0_.id) as col_0_0_ from sitereviews sitereview0_ cross join sites site1_ where sitereview0_.site_id=site1_.id and sitereview0_.status=? and sitereview0_.review_status=? and sitereview0_.user_id=? and (site1_.backup_rootsite_id is null)
2019-09-01 20:00:25.957 TRACE 15862 --- [nio-9000-exec-7] o.h.type.descriptor.sql.BasicBinder      : binding parameter [1] as [SMALLINT] - [1]
2019-09-01 20:00:25.957 TRACE 15862 --- [nio-9000-exec-7] o.h.type.descriptor.sql.BasicBinder      : binding parameter [2] as [SMALLINT] - [1]
2019-09-01 20:00:25.957 TRACE 15862 --- [nio-9000-exec-7] o.h.type.descriptor.sql.BasicBinder      : binding parameter [3] as [BIGINT] - [1]
2019-09-01 20:00:35.605 DEBUG 15862 --- [nio-9000-exec-4] org.hibernate.SQL                        : select ratingcrit0_.id as id1_1_, ratingcrit0_.created_by as created_2_1_, ratingcrit0_.date_created as date_cre3_1_, ratingcrit0_.last_updated as last_upd4_1_, ratingcrit0_.status as status5_1_, ratingcrit0_.uuid as uuid6_1_, ratingcrit0_.bookmark as bookmark7_1_, ratingcrit0_.criteria_type as criteria8_1_, ratingcrit0_.description as descript9_1_, ratingcrit0_.name as name10_1_, ratingcrit0_.parent_id as parent_12_1_, ratingcrit0_.priority as priorit11_1_ from ratingcriteria ratingcrit0_
2019-09-01 20:00:35.699 DEBUG 15862 --- [nio-9000-exec-4] org.hibernate.SQL                        : select childratin0_.parent_id as parent_12_1_0_, childratin0_.id as id1_1_0_, childratin0_.id as id1_1_1_, childratin0_.created_by as created_2_1_1_, childratin0_.date_created as date_cre3_1_1_, childratin0_.last_updated as last_upd4_1_1_, childratin0_.status as status5_1_1_, childratin0_.uuid as uuid6_1_1_, childratin0_.bookmark as bookmark7_1_1_, childratin0_.criteria_type as criteria8_1_1_, childratin0_.description as descript9_1_1_, childratin0_.name as name10_1_1_, childratin0_.parent_id as parent_12_1_1_, childratin0_.priority as priorit11_1_1_ from ratingcriteria childratin0_ where childratin0_.parent_id=?
2019-09-01 20:00:35.699 TRACE 15862 --- [nio-9000-exec-4] o.h.type.descriptor.sql.BasicBinder      : binding parameter [1] as [INTEGER] - [1]
2019-09-01 20:00:35.704 DEBUG 15862 --- [nio-9000-exec-4] org.hibernate.SQL                        : select childratin0_.parent_id as parent_12_1_0_, childratin0_.id as id1_1_0_, childratin0_.id as id1_1_1_, childratin0_.created_by as created_2_1_1_, childratin0_.date_created as date_cre3_1_1_, childratin0_.last_updated as last_upd4_1_1_, childratin0_.status as status5_1_1_, childratin0_.uuid as uuid6_1_1_, childratin0_.bookmark as bookmark7_1_1_, childratin0_.criteria_type as criteria8_1_1_, childratin0_.description as descript9_1_1_, childratin0_.name as name10_1_1_, childratin0_.parent_id as parent_12_1_1_, childratin0_.priority as priorit11_1_1_ from ratingcriteria childratin0_ where childratin0_.parent_id=?
2019-09-01 20:00:35.704 TRACE 15862 --- [nio-9000-exec-4] o.h.type.descriptor.sql.BasicBinder      : binding parameter [1] as [INTEGER] - [2]
2019-09-01 20:00:35.705 DEBUG 15862 --- [nio-9000-exec-4] org.hibernate.SQL                        : select childratin0_.parent_id as parent_12_1_0_, childratin0_.id as id1_1_0_, childratin0_.id as id1_1_1_, childratin0_.created_by as created_2_1_1_, childratin0_.date_created as date_cre3_1_1_, childratin0_.last_updated as last_upd4_1_1_, childratin0_.status as status5_1_1_, childratin0_.uuid as uuid6_1_1_, childratin0_.bookmark as bookmark7_1_1_, childratin0_.criteria_type as criteria8_1_1_, childratin0_.description as descript9_1_1_, childratin0_.name as name10_1_1_, childratin0_.parent_id as parent_12_1_1_, childratin0_.priority as priorit11_1_1_ from ratingcriteria childratin0_ where childratin0_.parent_id=?
2019-09-01 20:00:35.705 TRACE 15862 --- [nio-9000-exec-4] o.h.type.descriptor.sql.BasicBinder      : binding parameter [1] as [INTEGER] - [3]
2019-09-01 20:00:35.706 DEBUG 15862 --- [nio-9000-exec-4] org.hibernate.SQL                        : select childratin0_.parent_id as parent_12_1_0_, childratin0_.id as id1_1_0_, childratin0_.id as id1_1_1_, childratin0_.created_by as created_2_1_1_, childratin0_.date_created as date_cre3_1_1_, childratin0_.last_updated as last_upd4_1_1_, childratin0_.status as status5_1_1_, childratin0_.uuid as uuid6_1_1_, childratin0_.bookmark as bookmark7_1_1_, childratin0_.criteria_type as criteria8_1_1_, childratin0_.description as descript9_1_1_, childratin0_.name as name10_1_1_, childratin0_.parent_id as parent_12_1_1_, childratin0_.priority as priorit11_1_1_ from ratingcriteria childratin0_ where childratin0_.parent_id=?
2019-09-01 20:00:35.706 TRACE 15862 --- [nio-9000-exec-4] o.h.type.descriptor.sql.BasicBinder      : binding parameter [1] as [INTEGER] - [4]
2019-09-01 21:56:17.204  INFO 15862 --- [nio-9000-exec-6] o.apache.coyote.http11.Http11Processor   : Error parsing HTTP request header
 Note: further occurrences of HTTP request parsing errors will be logged at DEBUG level.

java.lang.IllegalArgumentException: Invalid character found in method name. HTTP method names must be tokens
	at org.apache.coyote.http11.Http11InputBuffer.parseRequestLine(Http11InputBuffer.java:415) ~[tomcat-embed-core-9.0.21.jar:9.0.21]
	at org.apache.coyote.http11.Http11Processor.service(Http11Processor.java:294) ~[tomcat-embed-core-9.0.21.jar:9.0.21]
	at org.apache.coyote.AbstractProcessorLight.process(AbstractProcessorLight.java:66) [tomcat-embed-core-9.0.21.jar:9.0.21]
	at org.apache.coyote.AbstractProtocol$ConnectionHandler.process(AbstractProtocol.java:853) [tomcat-embed-core-9.0.21.jar:9.0.21]
	at org.apache.tomcat.util.net.NioEndpoint$SocketProcessor.doRun(NioEndpoint.java:1587) [tomcat-embed-core-9.0.21.jar:9.0.21]
	at org.apache.tomcat.util.net.SocketProcessorBase.run(SocketProcessorBase.java:49) [tomcat-embed-core-9.0.21.jar:9.0.21]
	at java.util.concurrent.ThreadPoolExecutor.runWorker(ThreadPoolExecutor.java:1149) [na:1.8.0_221]
	at java.util.concurrent.ThreadPoolExecutor$Worker.run(ThreadPoolExecutor.java:624) [na:1.8.0_221]
	at org.apache.tomcat.util.threads.TaskThread$WrappingRunnable.run(TaskThread.java:61) [tomcat-embed-core-9.0.21.jar:9.0.21]
	at java.lang.Thread.run(Thread.java:748) [na:1.8.0_221]

2019-09-02 23:04:05.514  INFO 15862 --- [nio-9000-exec-8] o.apache.coyote.http11.Http11Processor   : Error parsing HTTP request header
 Note: further occurrences of HTTP request parsing errors will be logged at DEBUG level.

java.lang.IllegalArgumentException: Invalid character found in method name. HTTP method names must be tokens
	at org.apache.coyote.http11.Http11InputBuffer.parseRequestLine(Http11InputBuffer.java:415) ~[tomcat-embed-core-9.0.21.jar:9.0.21]
	at org.apache.coyote.http11.Http11Processor.service(Http11Processor.java:294) ~[tomcat-embed-core-9.0.21.jar:9.0.21]
	at org.apache.coyote.AbstractProcessorLight.process(AbstractProcessorLight.java:66) [tomcat-embed-core-9.0.21.jar:9.0.21]
	at org.apache.coyote.AbstractProtocol$ConnectionHandler.process(AbstractProtocol.java:853) [tomcat-embed-core-9.0.21.jar:9.0.21]
	at org.apache.tomcat.util.net.NioEndpoint$SocketProcessor.doRun(NioEndpoint.java:1587) [tomcat-embed-core-9.0.21.jar:9.0.21]
	at org.apache.tomcat.util.net.SocketProcessorBase.run(SocketProcessorBase.java:49) [tomcat-embed-core-9.0.21.jar:9.0.21]
	at java.util.concurrent.ThreadPoolExecutor.runWorker(ThreadPoolExecutor.java:1149) [na:1.8.0_221]
	at java.util.concurrent.ThreadPoolExecutor$Worker.run(ThreadPoolExecutor.java:624) [na:1.8.0_221]
	at org.apache.tomcat.util.threads.TaskThread$WrappingRunnable.run(TaskThread.java:61) [tomcat-embed-core-9.0.21.jar:9.0.21]
	at java.lang.Thread.run(Thread.java:748) [na:1.8.0_221]

2019-09-04 14:38:55.220  INFO 15862 --- [io-9000-exec-10] o.apache.coyote.http11.Http11Processor   : Error parsing HTTP request header
 Note: further occurrences of HTTP request parsing errors will be logged at DEBUG level.

java.lang.IllegalArgumentException: Invalid character found in method name. HTTP method names must be tokens
	at org.apache.coyote.http11.Http11InputBuffer.parseRequestLine(Http11InputBuffer.java:415) ~[tomcat-embed-core-9.0.21.jar:9.0.21]
	at org.apache.coyote.http11.Http11Processor.service(Http11Processor.java:294) ~[tomcat-embed-core-9.0.21.jar:9.0.21]
	at org.apache.coyote.AbstractProcessorLight.process(AbstractProcessorLight.java:66) [tomcat-embed-core-9.0.21.jar:9.0.21]
	at org.apache.coyote.AbstractProtocol$ConnectionHandler.process(AbstractProtocol.java:853) [tomcat-embed-core-9.0.21.jar:9.0.21]
	at org.apache.tomcat.util.net.NioEndpoint$SocketProcessor.doRun(NioEndpoint.java:1587) [tomcat-embed-core-9.0.21.jar:9.0.21]
	at org.apache.tomcat.util.net.SocketProcessorBase.run(SocketProcessorBase.java:49) [tomcat-embed-core-9.0.21.jar:9.0.21]
	at java.util.concurrent.ThreadPoolExecutor.runWorker(ThreadPoolExecutor.java:1149) [na:1.8.0_221]
	at java.util.concurrent.ThreadPoolExecutor$Worker.run(ThreadPoolExecutor.java:624) [na:1.8.0_221]
	at org.apache.tomcat.util.threads.TaskThread$WrappingRunnable.run(TaskThread.java:61) [tomcat-embed-core-9.0.21.jar:9.0.21]
	at java.lang.Thread.run(Thread.java:748) [na:1.8.0_221]

2019-09-06 19:37:50.121 DEBUG 15862 --- [nio-9000-exec-5] org.hibernate.SQL                        : select sitereview0_.description as col_0_0_ from sitereviews sitereview0_ where upper(sitereview0_.description) like upper(concat('%', ?, '%'))
2019-09-06 19:37:50.122 TRACE 15862 --- [nio-9000-exec-5] o.h.type.descriptor.sql.BasicBinder      : binding parameter [1] as [VARCHAR] - [dia]
2019-09-06 19:37:50.654 DEBUG 15862 --- [nio-9000-exec-3] org.hibernate.SQL                        : select sitereview0_.description as col_0_0_ from sitereviews sitereview0_ where upper(sitereview0_.description) like upper(concat('%', ?, '%'))
2019-09-06 19:37:50.654 TRACE 15862 --- [nio-9000-exec-3] o.h.type.descriptor.sql.BasicBinder      : binding parameter [1] as [VARCHAR] - [diab]
2019-09-06 19:37:51.464 DEBUG 15862 --- [nio-9000-exec-1] org.hibernate.SQL                        : select sitereview0_.description as col_0_0_ from sitereviews sitereview0_ where upper(sitereview0_.description) like upper(concat('%', ?, '%'))
2019-09-06 19:37:51.464 TRACE 15862 --- [nio-9000-exec-1] o.h.type.descriptor.sql.BasicBinder      : binding parameter [1] as [VARCHAR] - [diabet]
2019-09-06 19:37:51.932 DEBUG 15862 --- [nio-9000-exec-7] org.hibernate.SQL                        : select sitereview0_.description as col_0_0_ from sitereviews sitereview0_ where upper(sitereview0_.description) like upper(concat('%', ?, '%'))
2019-09-06 19:37:51.932 TRACE 15862 --- [nio-9000-exec-7] o.h.type.descriptor.sql.BasicBinder      : binding parameter [1] as [VARCHAR] - [diabeti]
2019-09-06 19:37:53.000 DEBUG 15862 --- [nio-9000-exec-6] org.hibernate.SQL                        : select sitereview0_.description as col_0_0_ from sitereviews sitereview0_ where upper(sitereview0_.description) like upper(concat('%', ?, '%'))
2019-09-06 19:37:53.001 TRACE 15862 --- [nio-9000-exec-6] o.h.type.descriptor.sql.BasicBinder      : binding parameter [1] as [VARCHAR] - [diabet]
2019-09-06 19:37:53.496 DEBUG 15862 --- [nio-9000-exec-2] org.hibernate.SQL                        : select sitereview0_.description as col_0_0_ from sitereviews sitereview0_ where upper(sitereview0_.description) like upper(concat('%', ?, '%'))
2019-09-06 19:37:53.496 TRACE 15862 --- [nio-9000-exec-2] o.h.type.descriptor.sql.BasicBinder      : binding parameter [1] as [VARCHAR] - [diab]
2019-09-06 19:37:56.524 DEBUG 15862 --- [nio-9000-exec-4] org.hibernate.SQL                        : select sitereview0_.id as id1_5_, sitereview0_.created_by as created_2_5_, sitereview0_.date_created as date_cre3_5_, sitereview0_.last_updated as last_upd4_5_, sitereview0_.status as status5_5_, sitereview0_.uuid as uuid6_5_, sitereview0_.description as descript7_5_, sitereview0_.evaluation as evaluati8_5_, sitereview0_.read_status as read_sta9_5_, sitereview0_.review_status as review_10_5_, sitereview0_.score as score11_5_, sitereview0_.searchvector as searchv12_5_, sitereview0_.site_id as site_id16_5_, sitereview0_.status_code as status_13_5_, sitereview0_.strength as strengt14_5_, sitereview0_.topic_id as topic_i17_5_, sitereview0_.user_id as user_id18_5_, sitereview0_.weakness as weaknes15_5_ from sitereviews sitereview0_
2019-09-06 19:37:56.528 DEBUG 15862 --- [nio-9000-exec-4] org.hibernate.SQL                        : select site0_.id as id1_8_0_, site0_.created_by as created_2_8_0_, site0_.date_created as date_cre3_8_0_, site0_.last_updated as last_upd4_8_0_, site0_.status as status5_8_0_, site0_.uuid as uuid6_8_0_, site0_.backup_rootsite_id as backup_11_8_0_, site0_.category_id as categor12_8_0_, site0_.image_name as image_na7_8_0_, site0_.image_path as image_pa8_8_0_, site0_.name as name9_8_0_, site0_.rootsite_id as rootsit13_8_0_, site0_.url as url10_8_0_ from sites site0_ where site0_.id=?
2019-09-06 19:37:56.529 TRACE 15862 --- [nio-9000-exec-4] o.h.type.descriptor.sql.BasicBinder      : binding parameter [1] as [BIGINT] - [1]
2019-09-07 05:56:58.453  INFO 15862 --- [nio-9000-exec-4] o.apache.coyote.http11.Http11Processor   : Error parsing HTTP request header
 Note: further occurrences of HTTP request parsing errors will be logged at DEBUG level.

java.lang.IllegalArgumentException: Invalid character found in method name. HTTP method names must be tokens
	at org.apache.coyote.http11.Http11InputBuffer.parseRequestLine(Http11InputBuffer.java:415) ~[tomcat-embed-core-9.0.21.jar:9.0.21]
	at org.apache.coyote.http11.Http11Processor.service(Http11Processor.java:294) ~[tomcat-embed-core-9.0.21.jar:9.0.21]
	at org.apache.coyote.AbstractProcessorLight.process(AbstractProcessorLight.java:66) [tomcat-embed-core-9.0.21.jar:9.0.21]
	at org.apache.coyote.AbstractProtocol$ConnectionHandler.process(AbstractProtocol.java:853) [tomcat-embed-core-9.0.21.jar:9.0.21]
	at org.apache.tomcat.util.net.NioEndpoint$SocketProcessor.doRun(NioEndpoint.java:1587) [tomcat-embed-core-9.0.21.jar:9.0.21]
	at org.apache.tomcat.util.net.SocketProcessorBase.run(SocketProcessorBase.java:49) [tomcat-embed-core-9.0.21.jar:9.0.21]
	at java.util.concurrent.ThreadPoolExecutor.runWorker(ThreadPoolExecutor.java:1149) [na:1.8.0_221]
	at java.util.concurrent.ThreadPoolExecutor$Worker.run(ThreadPoolExecutor.java:624) [na:1.8.0_221]
	at org.apache.tomcat.util.threads.TaskThread$WrappingRunnable.run(TaskThread.java:61) [tomcat-embed-core-9.0.21.jar:9.0.21]
	at java.lang.Thread.run(Thread.java:748) [na:1.8.0_221]

2019-09-08 18:02:17.806  INFO 15862 --- [nio-9000-exec-3] o.apache.coyote.http11.Http11Processor   : Error parsing HTTP request header
 Note: further occurrences of HTTP request parsing errors will be logged at DEBUG level.

java.lang.IllegalArgumentException: Invalid character found in method name. HTTP method names must be tokens
	at org.apache.coyote.http11.Http11InputBuffer.parseRequestLine(Http11InputBuffer.java:415) ~[tomcat-embed-core-9.0.21.jar:9.0.21]
	at org.apache.coyote.http11.Http11Processor.service(Http11Processor.java:294) ~[tomcat-embed-core-9.0.21.jar:9.0.21]
	at org.apache.coyote.AbstractProcessorLight.process(AbstractProcessorLight.java:66) [tomcat-embed-core-9.0.21.jar:9.0.21]
	at org.apache.coyote.AbstractProtocol$ConnectionHandler.process(AbstractProtocol.java:853) [tomcat-embed-core-9.0.21.jar:9.0.21]
	at org.apache.tomcat.util.net.NioEndpoint$SocketProcessor.doRun(NioEndpoint.java:1587) [tomcat-embed-core-9.0.21.jar:9.0.21]
	at org.apache.tomcat.util.net.SocketProcessorBase.run(SocketProcessorBase.java:49) [tomcat-embed-core-9.0.21.jar:9.0.21]
	at java.util.concurrent.ThreadPoolExecutor.runWorker(ThreadPoolExecutor.java:1149) [na:1.8.0_221]
	at java.util.concurrent.ThreadPoolExecutor$Worker.run(ThreadPoolExecutor.java:624) [na:1.8.0_221]
	at org.apache.tomcat.util.threads.TaskThread$WrappingRunnable.run(TaskThread.java:61) [tomcat-embed-core-9.0.21.jar:9.0.21]
	at java.lang.Thread.run(Thread.java:748) [na:1.8.0_221]

2019-09-09 19:18:44.683  INFO 15862 --- [nio-9000-exec-6] o.apache.coyote.http11.Http11Processor   : Error parsing HTTP request header
 Note: further occurrences of HTTP request parsing errors will be logged at DEBUG level.

java.lang.IllegalArgumentException: Invalid character found in method name. HTTP method names must be tokens
	at org.apache.coyote.http11.Http11InputBuffer.parseRequestLine(Http11InputBuffer.java:415) ~[tomcat-embed-core-9.0.21.jar:9.0.21]
	at org.apache.coyote.http11.Http11Processor.service(Http11Processor.java:294) ~[tomcat-embed-core-9.0.21.jar:9.0.21]
	at org.apache.coyote.AbstractProcessorLight.process(AbstractProcessorLight.java:66) [tomcat-embed-core-9.0.21.jar:9.0.21]
	at org.apache.coyote.AbstractProtocol$ConnectionHandler.process(AbstractProtocol.java:853) [tomcat-embed-core-9.0.21.jar:9.0.21]
	at org.apache.tomcat.util.net.NioEndpoint$SocketProcessor.doRun(NioEndpoint.java:1587) [tomcat-embed-core-9.0.21.jar:9.0.21]
	at org.apache.tomcat.util.net.SocketProcessorBase.run(SocketProcessorBase.java:49) [tomcat-embed-core-9.0.21.jar:9.0.21]
	at java.util.concurrent.ThreadPoolExecutor.runWorker(ThreadPoolExecutor.java:1149) [na:1.8.0_221]
	at java.util.concurrent.ThreadPoolExecutor$Worker.run(ThreadPoolExecutor.java:624) [na:1.8.0_221]
	at org.apache.tomcat.util.threads.TaskThread$WrappingRunnable.run(TaskThread.java:61) [tomcat-embed-core-9.0.21.jar:9.0.21]
	at java.lang.Thread.run(Thread.java:748) [na:1.8.0_221]

2019-09-11 15:03:44.888  INFO 15862 --- [io-9000-exec-10] o.apache.coyote.http11.Http11Processor   : Error parsing HTTP request header
 Note: further occurrences of HTTP request parsing errors will be logged at DEBUG level.

java.lang.IllegalArgumentException: Invalid character found in method name. HTTP method names must be tokens
	at org.apache.coyote.http11.Http11InputBuffer.parseRequestLine(Http11InputBuffer.java:415) ~[tomcat-embed-core-9.0.21.jar:9.0.21]
	at org.apache.coyote.http11.Http11Processor.service(Http11Processor.java:294) ~[tomcat-embed-core-9.0.21.jar:9.0.21]
	at org.apache.coyote.AbstractProcessorLight.process(AbstractProcessorLight.java:66) [tomcat-embed-core-9.0.21.jar:9.0.21]
	at org.apache.coyote.AbstractProtocol$ConnectionHandler.process(AbstractProtocol.java:853) [tomcat-embed-core-9.0.21.jar:9.0.21]
	at org.apache.tomcat.util.net.NioEndpoint$SocketProcessor.doRun(NioEndpoint.java:1587) [tomcat-embed-core-9.0.21.jar:9.0.21]
	at org.apache.tomcat.util.net.SocketProcessorBase.run(SocketProcessorBase.java:49) [tomcat-embed-core-9.0.21.jar:9.0.21]
	at java.util.concurrent.ThreadPoolExecutor.runWorker(ThreadPoolExecutor.java:1149) [na:1.8.0_221]
	at java.util.concurrent.ThreadPoolExecutor$Worker.run(ThreadPoolExecutor.java:624) [na:1.8.0_221]
	at org.apache.tomcat.util.threads.TaskThread$WrappingRunnable.run(TaskThread.java:61) [tomcat-embed-core-9.0.21.jar:9.0.21]
	at java.lang.Thread.run(Thread.java:748) [na:1.8.0_221]

